0 0.014
0 0.041
1 0.040
1 0.045
2 0.045
2 0.046
3 0.046
3 0.046
4 0.089
4 0.048
5 0.046
5 0.047
6 0.047
6 0.049
7 0.049
7 0.048
6 0.049
6 0.045
5 0.047
5 0.048
4 0.050
4 0.050
3 0.045
3 0.045
2 0.046
2 0.046
3 0.045
3 0.041
4 0.046
4 0.046
5 0.046
5 0.051
6 0.048
6 0.047
7 0.043
7 0.045
8 0.046
8 0.049
7 0.049
7 0.049
6 0.048
6 0.046
5 0.046
5 0.046
4 0.047
4 0.044
3 0.045
3 0.045
2 0.046
2 0.046
1 0.041
1 0.045
3 0.045
3 0.041
4 0.043
4 0.047
5 0.049
5 0.048
7 0.048
7 0.048
8 0.050
8 0.049
9 0.050
9 0.049
8 0.050
8 0.050
6 0.051
6 0.049
5 0.046
5 0.047
4 0.047
4 0.047
5 0.050
5 0.050
6 0.051
6 0.048
7 0.052
7 0.052
8 0.052
8 0.052
9 0.053
9 0.052
10 0.052
10 0.053
11 0.052
11 0.052
10 0.050
10 0.052
9 0.053
9 0.054
8 0.049
8 0.051
7 0.051
7 0.052
6 0.051
6 0.048
5 0.050
5 0.049
4 0.049
4 0.051
0 0.045
0 0.014
1 0.043
1 0.042
2 0.042
2 0.044
3 0.047
3 0.047
4 0.046
4 0.048
5 0.045
5 0.048
6 0.048
6 0.049
7 0.046
7 0.049
6 0.051
6 0.048
5 0.047
5 0.048
4 0.050
4 0.050
3 0.046
3 0.044
2 0.045
2 0.045
3 0.046
3 0.044
4 0.046
4 0.047
5 0.051
5 0.051
6 0.047
6 0.050
7 0.049
7 0.049
8 0.047
8 0.048
7 0.047
7 0.049
6 0.050
6 0.049
5 0.049
5 0.049
4 0.048
4 0.048
3 0.046
3 0.047
2 0.046
2 0.046
1 0.045
1 0.044
3 0.047
3 0.046
4 0.048
4 0.048
5 0.048
5 0.048
7 0.049
7 0.049
8 0.049
8 0.049
9 0.050
9 0.050
8 0.050
8 0.050
6 0.051
6 0.051
5 0.047
5 0.047
4 0.046
4 0.047
5 0.050
5 0.051
6 0.051
6 0.051
7 0.052
7 0.053
8 0.053
8 0.058
9 0.062
9 0.054
10 0.054
10 0.053
11 0.054
11 0.052
10 0.056
10 0.054
9 0.053
9 0.053
8 0.053
8 0.053
7 0.053
7 0.056
6 0.052
6 0.052
5 0.051
5 0.050
4 0.050
4 0.050
1 0.043
1 0.039
0 0.015
0 0.044
1 0.044
1 0.043
2 0.047
2 0.044
3 0.047
3 0.047
4 0.045
4 0.047
5 0.044
5 0.046
6 0.048
6 0.050
5 0.048
5 0.048
4 0.047
4 0.048
3 0.050
3 0.048
2 0.045
2 0.046
1 0.046
1 0.044
2 0.046
2 0.047
3 0.043
3 0.044
4 0.047
4 0.047
5 0.043
5 0.050
6 0.051
6 0.049
7 0.047
7 0.049
6 0.047
6 0.047
5 0.048
5 0.047
4 0.047
4 0.044
3 0.047
3 0.040
2 0.041
2 0.042
1 0.045
1 0.044
2 0.045
2 0.046
2 0.044
2 0.045
3 0.046
3 0.041
4 0.040
4 0.046
6 0.047
6 0.049
7 0.044
7 0.049
8 0.042
8 0.049
7 0.050
7 0.050
5 0.050
5 0.051
4 0.046
4 0.047
3 0.044
3 0.046
4 0.048
4 0.050
5 0.044
5 0.045
6 0.048
6 0.048
7 0.048
7 0.052
8 0.053
8 0.052
9 0.054
9 0.050
10 0.052
10 0.053
9 0.051
9 0.053
8 0.050
8 0.051
7 0.052
7 0.052
6 0.050
6 0.050
5 0.045
5 0.049
4 0.050
4 0.051
3 0.047
3 0.050
1 0.042
1 0.044
0 0.042
0 0.015
1 0.044
1 0.044
2 0.046
2 0.043
3 0.046
3 0.047
4 0.047
4 0.046
5 0.047
5 0.048
6 0.048
6 0.047
5 0.052
5 0.049
4 0.048
4 0.063
3 0.051
3 0.051
2 0.046
2 0.047
1 0.045
1 0.046
2 0.048
2 0.046
3 0.047
3 0.048
4 0.053
4 0.054
5 0.049
5 0.051
6 0.050
6 0.051
7 0.049
7 0.051
6 0.050
6 0.049
5 0.049
5 0.048
4 0.049
4 0.048
3 0.049
3 0.048
2 0.047
2 0.046
1 0.047
1 0.046
2 0.047
2 0.047
2 0.047
2 0.047
3 0.047
3 0.047
4 0.049
4 0.049
6 0.049
6 0.050
7 0.051
7 0.051
8 0.050
8 0.050
7 0.050
7 0.050
5 0.055
5 0.052
4 0.048
4 0.049
3 0.048
3 0.048
4 0.052
4 0.051
5 0.054
5 0.057
6 0.053
6 0.052
7 0.134
7 0.055
8 0.053
8 0.054
9 0.083
9 0.054
10 0.059
10 0.055
9 0.052
9 0.053
8 0.054
8 0.054
7 0.053
7 0.051
6 0.054
6 0.054
5 0.052
5 0.053
4 0.051
4 0.052
3 0.050
3 0.051
2 0.043
2 0.045
1 0.043
1 0.043
0 0.015
0 0.044
1 0.046
1 0.046
2 0.043
2 0.047
3 0.047
3 0.046
4 0.047
4 0.047
5 0.051
5 0.051
4 0.050
4 0.051
3 0.050
3 0.051
2 0.050
2 0.051
1 0.045
1 0.046
2 0.045
2 0.047
3 0.045
3 0.047
2 0.043
2 0.045
3 0.053
3 0.051
4 0.049
4 0.050
5 0.051
5 0.050
6 0.049
6 0.053
5 0.048
5 0.048
4 0.047
4 0.047
3 0.045
3 0.048
2 0.048
2 0.048
1 0.046
1 0.047
2 0.047
2 0.045
3 0.046
3 0.046
3 0.046
3 0.046
2 0.046
2 0.047
3 0.048
3 0.047
5 0.048
5 0.047
6 0.051
6 0.049
7 0.051
7 0.051
6 0.051
6 0.050
4 0.047
4 0.055
3 0.045
3 0.044
4 0.046
4 0.047
5 0.051
5 0.051
4 0.049
4 0.050
5 0.053
5 0.054
6 0.061
6 0.054
7 0.053
7 0.055
8 0.052
8 0.054
9 0.054
9 0.054
8 0.052
8 0.052
7 0.051
7 0.052
6 0.051
6 0.052
5 0.052
5 0.052
4 0.051
4 0.051
3 0.047
3 0.051
4 0.051
4 0.051
2 0.044
2 0.045
1 0.043
1 0.045
0 0.042
0 0.014
1 0.045
1 0.046
2 0.048
2 0.045
3 0.046
3 0.048
4 0.048
4 0.046
5 0.050
5 0.051
4 0.051
4 0.050
3 0.047
3 0.050
2 0.053
2 0.051
1 0.047
1 0.045
2 0.045
2 0.046
3 0.045
3 0.046
2 0.046
2 0.042
3 0.053
3 0.051
4 0.049
4 0.049
5 0.050
5 0.050
6 0.051
6 0.051
5 0.049
5 0.048
4 0.047
4 0.048
3 0.048
3 0.048
2 0.047
2 0.048
1 0.047
1 0.046
2 0.047
2 0.046
3 0.045
3 0.046
3 0.047
3 0.046
2 0.046
2 0.046
3 0.048
3 0.048
5 0.049
5 0.048
6 0.049
6 0.049
7 0.051
7 0.052
6 0.051
6 0.051
4 0.052
4 0.052
3 0.047
3 0.047
4 0.048
4 0.048
5 0.051
5 0.052
4 0.051
4 0.050
5 0.054
5 0.055
6 0.054
6 0.055
7 0.056
7 0.055
8 0.053
8 0.055
9 0.055
9 0.057
8 0.053
8 0.054
7 0.054
7 0.052
6 0.053
6 0.051
5 0.053
5 0.060
4 0.050
4 0.052
3 0.051
3 0.050
4 0.050
4 0.050
3 0.048
3 0.047
2 0.045
2 0.047
1 0.047
1 0.045
0 0.016
0 0.046
1 0.045
1 0.047
2 0.048
2 0.049
3 0.050
3 0.049
4 0.050
4 0.048
3 0.048
3 0.048
2 0.049
2 0.050
1 0.049
1 0.049
2 0.051
2 0.051
3 0.043
3 0.045
4 0.048
4 0.050
3 0.049
3 0.051
2 0.048
2 0.048
3 0.046
3 0.049
4 0.048
4 0.047
5 0.047
5 0.053
4 0.051
4 0.049
3 0.048
3 0.049
2 0.047
2 0.043
1 0.049
1 0.045
2 0.046
2 0.046
3 0.049
3 0.039
4 0.046
4 0.050
4 0.041
4 0.043
3 0.040
3 0.044
2 0.042
2 0.048
4 0.046
4 0.047
5 0.049
5 0.049
6 0.044
6 0.045
5 0.051
5 0.048
3 0.046
3 0.042
4 0.052
4 0.048
5 0.046
5 0.044
6 0.058
6 0.055
5 0.052
5 0.051
4 0.055
4 0.054
5 0.057
5 0.052
6 0.051
6 0.056
7 0.058
7 0.055
8 0.654
8 0.051
7 0.051
7 0.051
6 0.054
6 0.054
5 0.056
5 0.051
4 0.066
4 0.061
3 0.053
3 0.053
4 0.051
4 0.049
5 0.050
5 0.052
3 0.046
3 0.043
2 0.047
2 0.048
1 0.046
1 0.047
0 0.047
0 0.016
1 0.049
1 0.049
2 0.049
2 0.049
3 0.049
3 0.049
4 0.050
4 0.050
3 0.050
3 0.049
2 0.048
2 0.046
1 0.042
1 0.044
2 0.052
2 0.052
3 0.050
3 0.049
4 0.050
4 0.051
3 0.052
3 0.051
2 0.050
2 0.048
3 0.049
3 0.049
4 0.050
4 0.050
5 0.051
5 0.050
4 0.051
4 0.050
3 0.048
3 0.043
2 0.049
2 0.042
1 0.044
1 0.044
2 0.044
2 0.046
3 0.048
3 0.041
4 0.045
4 0.048
4 0.041
4 0.041
3 0.046
3 0.046
2 0.047
2 0.043
4 0.049
4 0.050
5 0.047
5 0.053
6 0.051
6 0.051
5 0.050
5 0.050
3 0.050
3 0.050
4 0.053
4 0.049
5 0.050
5 0.047
6 0.053
6 0.059
5 0.059
5 0.055
4 0.058
4 0.053
5 0.079
5 0.060
6 0.059
6 0.056
7 0.057
7 0.056
8 0.055
8 0.059
7 0.053
7 0.053
6 0.050
6 0.054
5 0.053
5 0.053
4 0.053
4 0.053
3 0.092
3 0.052
4 0.049
4 0.051
5 0.052
5 0.052
4 0.049
4 0.046
3 0.046
3 0.048
2 0.047
2 0.047
1 0.048
1 0.050
0 0.016
0 0.043
1 0.047
1 0.048
2 0.042
2 0.046
3 0.046
3 0.047
2 0.048
2 0.050
1 0.048
1 0.048
2 0.048
2 0.042
3 0.048
3 0.046
4 0.045
4 0.044
5 0.044
5 0.045
4 0.050
4 0.050
3 0.046
3 0.051
2 0.045
2 0.048
3 0.046
3 0.050
4 0.051
4 0.049
3 0.048
3 0.048
2 0.049
2 0.050
1 0.047
1 0.047
2 0.046
2 0.045
3 0.049
3 0.048
4 0.042
4 0.041
5 0.045
5 0.040
5 0.040
5 0.043
4 0.042
4 0.048
3 0.049
3 0.048
3 0.048
3 0.048
4 0.049
4 0.049
5 0.053
5 0.055
4 0.048
4 0.055
4 0.045
4 0.049
5 0.048
5 0.051
6 0.048
6 0.053
7 0.053
7 0.051
6 0.052
6 0.053
5 0.053
5 0.053
4 0.057
4 0.051
5 0.054
5 0.054
6 0.054
6 0.054
7 0.583
7 0.052
6 0.046
6 0.052
5 0.054
5 0.052
4 0.049
4 0.055
3 0.053
3 0.055
4 0.049
4 0.051
5 0.052
5 0.051
6 0.047
6 0.052
4 0.048
4 0.048
3 0.046
3 0.047
2 0.048
2 0.048
1 0.049
1 0.048
0 0.048
0 0.017
1 0.046
1 0.047
2 0.049
2 0.046
3 0.048
3 0.049
2 0.046
2 0.048
1 0.046
1 0.046
2 0.048
2 0.050
3 0.050
3 0.050
4 0.049
4 0.049
5 0.049
5 0.048
4 0.050
4 0.051
3 0.051
3 0.051
2 0.048
2 0.050
3 0.048
3 0.051
4 0.049
4 1.374
3 0.052
3 0.047
2 0.047
2 0.049
1 0.049
1 0.048
2 0.050
2 0.047
3 0.042
3 0.042
4 0.043
4 0.045
5 0.045
5 0.043
5 0.040
5 0.044
4 0.042
4 0.041
3 0.044
3 0.046
3 0.043
3 0.047
4 0.050
4 0.043
5 0.047
5 0.053
4 0.051
4 0.047
4 0.043
4 0.045
5 0.044
5 0.050
6 0.045
6 0.053
7 0.051
7 0.050
6 0.054
6 0.051
5 0.052
5 0.050
4 0.053
4 0.052
5 0.053
5 0.053
6 0.053
6 0.054
7 0.480
7 0.053
6 0.050
6 0.046
5 0.052
5 0.054
4 0.053
4 0.053
3 0.067
3 0.051
4 0.053
4 0.047
5 0.050
5 0.046
6 0.045
6 0.046
5 0.048
5 0.048
4 0.047
4 0.040
3 0.039
3 0.039
2 0.048
2 0.049
1 0.049
1 0.046
0 0.016
0 0.047
1 0.046
1 0.046
2 0.050
2 0.050
1 0.049
1 0.049
2 0.050
2 0.046
3 0.049
3 0.050
4 0.048
4 0.049
5 0.047
5 0.046
6 0.047
6 0.049
5 0.052
5 0.051
4 0.050
4 0.052
3 0.050
3 0.044
2 0.049
2 0.050
3 0.053
3 0.058
2 0.048
2 0.052
1 0.048
1 0.048
2 0.049
2 0.050
3 0.049
3 0.048
4 0.048
4 0.042
5 0.047
5 0.046
6 0.044
6 0.049
6 0.059
6 0.046
5 0.042
5 0.049
4 0.050
4 0.049
2 0.049
2 0.049
3 0.050
3 0.048
4 0.050
4 0.049
3 0.050
3 0.049
5 0.049
5 0.048
6 0.049
6 0.050
7 0.050
7 0.049
8 0.053
8 0.053
7 0.053
7 0.052
6 0.053
6 0.054
5 0.054
5 0.053
4 0.051
4 0.051
5 0.053
5 0.054
6 0.053
6 0.052
5 0.053
5 0.055
4 0.053
4 0.049
3 0.074
3 0.048
4 0.054
4 0.049
5 0.049
5 0.053
6 0.052
6 0.046
7 0.043
7 0.045
5 0.049
5 0.048
4 0.046
4 0.044
3 0.044
3 0.045
2 0.044
2 0.049
1 0.049
1 0.045
0 0.046
0 0.016
1 0.045
1 0.051
2 0.050
2 0.050
1 0.049
1 0.046
2 0.049
2 0.049
3 0.050
3 0.052
4 0.050
4 0.047
5 0.050
5 0.047
6 0.049
6 0.049
5 0.051
5 0.052
4 0.051
4 0.051
3 0.050
3 0.051
2 0.050
2 0.052
3 0.051
3 0.051
2 0.048
2 0.050
1 0.050
1 0.047
2 0.044
2 0.049
3 0.048
3 0.045
4 0.047
4 0.047
5 0.046
5 0.048
6 0.046
6 0.046
6 0.048
6 0.043
5 0.043
5 0.043
4 0.052
4 0.049
2 0.050
2 0.049
3 0.047
3 0.050
4 0.051
4 0.050
3 0.048
3 0.052
5 0.044
5 0.049
6 0.050
6 0.046
7 0.049
7 0.050
8 0.053
8 0.053
7 0.053
7 0.053
6 0.050
6 0.049
5 0.054
5 0.059
4 0.053
4 0.054
5 0.055
5 0.054
6 0.054
6 0.056
5 0.052
5 0.053
4 0.054
4 0.053
3 0.054
3 0.054
4 0.057
4 0.053
5 0.053
5 0.052
6 0.048
6 0.050
7 0.053
7 0.052
6 0.045
6 0.044
5 0.046
5 0.047
4 0.045
4 0.043
3 0.041
3 0.044
2 0.048
2 0.043
1 0.044
1 0.045
0 0.016
0 0.048
1 0.049
1 0.043
2 0.051
2 0.048
3 0.048
3 0.050
4 0.048
4 0.047
5 0.050
5 0.052
6 0.048
6 0.048
7 0.048
7 0.053
6 0.051
6 0.048
5 0.049
5 0.048
4 0.051
4 0.048
3 0.045
3 0.045
2 0.047
2 0.047
1 0.049
1 0.045
2 0.045
2 0.046
3 0.048
3 0.049
4 0.050
4 0.043
5 0.047
5 0.049
6 0.041
6 0.041
7 0.041
7 0.046
7 0.043
7 0.049
6 0.049
6 0.049
5 0.050
5 0.050
3 0.048
3 0.048
2 0.049
2 0.048
3 0.045
3 0.044
4 0.046
4 0.055
6 0.050
6 0.046
7 0.049
7 0.049
8 0.050
8 0.048
9 0.054
9 0.054
8 0.052
8 0.051
7 0.052
7 0.052
6 0.053
6 0.054
5 0.053
5 0.051
4 0.053
4 0.052
5 0.052
5 0.055
4 0.049
4 0.051
3 0.050
3 0.049
4 0.051
4 0.053
5 0.056
5 0.054
6 0.053
6 0.054
7 0.052
7 0.053
8 0.050
8 0.052
6 0.046
6 0.047
5 0.043
5 0.043
4 0.042
4 0.046
3 0.046
3 0.045
2 0.047
2 0.045
1 0.047
1 0.045
0 0.045
0 0.016
1 0.046
1 0.048
2 0.049
2 0.050
3 0.049
3 0.050
4 0.053
4 0.051
5 0.050
5 0.051
6 0.049
6 0.049
7 0.049
7 0.048
6 0.051
6 0.051
5 0.051
5 0.051
4 0.050
4 0.055
3 0.050
3 0.047
2 0.045
2 0.047
1 0.044
1 0.046
2 0.045
2 0.047
3 0.048
3 0.048
4 0.048
4 0.050
5 0.045
5 0.046
6 0.040
6 0.044
7 0.046
7 0.045
7 0.044
7 0.043
6 0.041
6 0.040
5 0.041
5 0.054
3 0.045
3 0.044
2 0.049
2 0.049
3 0.044
3 0.045
4 0.048
4 0.044
6 0.050
6 0.051
7 0.048
7 0.052
8 0.044
8 0.046
9 0.049
9 0.052
8 0.050
8 0.052
7 0.053
7 0.054
6 0.053
6 0.058
5 0.053
5 0.052
4 0.053
4 0.055
5 0.654
5 0.049
4 0.051
4 0.051
3 0.049
3 0.051
4 0.053
4 0.047
5 0.054
5 0.054
6 0.049
6 0.053
7 0.050
7 0.050
8 0.045
8 0.047
7 0.050
7 0.047
6 0.046
6 0.049
5 0.051
5 0.046
4 0.046
4 0.048
3 0.049
3 0.049
2 0.050
2 0.050
1 0.050
1 0.048
0 0.016
0 0.048
1 0.048
1 0.048
2 0.049
2 0.050
3 0.046
3 0.047
4 0.047
4 0.048
5 0.048
5 0.044
6 0.049
6 0.048
5 0.046
5 0.047
4 0.048
4 0.049
3 0.047
3 0.049
2 0.048
2 0.049
1 0.048
1 0.046
2 0.050
2 0.049
3 0.051
3 0.050
4 0.050
4 0.047
5 0.050
5 0.051
6 0.051
6 0.050
7 0.046
7 0.046
8 0.048
8 0.048
8 0.046
8 0.049
7 0.052
7 0.052
6 0.051
6 0.051
4 0.051
4 0.051
3 0.050
3 0.053
2 0.049
2 0.049
3 0.049
3 0.047
5 0.050
5 0.049
6 0.048
6 0.047
7 0.049
7 0.048
8 0.053
8 0.053
7 0.052
7 0.049
6 0.052
6 0.050
5 0.064
5 0.052
4 0.053
4 0.054
3 0.053
3 0.053
4 0.057
4 0.053
5 0.053
5 0.054
4 0.053
4 0.053
5 0.054
5 0.054
6 0.053
6 0.051
7 0.054
7 0.053
8 0.055
8 0.055
9 0.054
9 0.053
7 0.049
7 0.049
6 0.047
6 0.049
5 0.049
5 0.050
4 0.049
4 0.049
3 0.050
3 0.050
2 0.047
2 0.050
1 0.051
1 0.048
0 0.048
0 0.016
1 0.049
1 0.049
2 0.048
2 0.048
3 0.049
3 0.048
4 0.045
4 0.045
5 0.047
5 0.045
6 0.048
6 0.047
5 0.048
5 0.048
4 0.050
4 0.049
3 0.047
3 0.049
2 0.050
2 0.049
1 0.047
1 0.048
2 0.046
2 0.051
3 0.047
3 0.048
4 0.049
4 0.047
5 0.049
5 0.052
6 0.052
6 0.051
7 0.047
7 0.049
8 0.050
8 0.046
8 0.046
8 0.049
7 0.053
7 0.050
6 0.051
6 0.051
4 0.051
4 0.050
3 0.050
3 0.050
2 0.047
2 0.048
3 0.046
3 0.051
5 0.049
5 0.050
6 0.049
6 0.049
7 0.049
7 0.048
8 0.053
8 0.053
7 0.051
7 0.053
6 0.051
6 0.054
5 0.054
5 0.052
4 0.051
4 0.051
3 0.052
3 0.053
4 0.072
4 0.054
5 0.054
5 0.054
4 0.053
4 0.053
5 0.054
5 0.052
6 0.054
6 0.054
7 0.054
7 0.054
8 0.053
8 0.054
9 0.052
9 0.054
6 0.049
6 0.046
5 0.049
5 0.045
4 0.049
4 0.050
3 0.047
3 0.049
2 0.049
2 0.047
1 0.045
1 0.047
2 0.048
2 0.051
1 0.044
1 0.047
0 0.016
0 0.046
1 0.048
1 0.047
2 0.049
2 0.050
3 0.054
3 0.048
4 0.048
4 0.048
5 0.049
5 0.047
4 0.045
4 0.044
3 0.045
3 0.048
2 0.050
2 0.049
1 0.049
1 0.050
2 0.049
2 0.051
3 0.048
3 0.052
2 0.054
2 0.050
3 0.050
3 0.047
4 0.049
4 0.050
5 0.052
5 0.053
6 0.047
6 0.046
7 0.049
7 0.044
7 0.042
7 0.048
6 0.052
6 0.052
5 0.047
5 0.048
3 0.045
3 0.049
4 0.051
4 0.049
3 0.050
3 0.049
2 0.049
2 0.049
4 0.050
4 0.050
5 0.048
5 0.047
6 0.049
6 0.047
7 0.052
7 0.050
6 0.054
6 0.051
5 0.052
5 0.053
4 0.055
4 0.053
3 0.054
3 0.053
4 0.053
4 0.053
5 0.052
5 0.053
6 0.054
6 0.054
5 0.052
5 0.053
4 0.054
4 0.051
5 0.050
5 0.051
6 0.053
6 0.051
7 0.053
7 0.054
8 0.052
8 0.053
6 0.049
6 0.048
5 0.046
5 0.046
4 0.048
4 0.051
3 0.049
3 0.053
2 0.048
2 0.047
1 0.043
1 0.047
2 0.045
2 0.048
1 0.046
1 0.047
0 0.048
0 0.016
1 0.045
1 0.047
2 0.046
2 0.047
3 0.045
3 0.047
4 0.047
4 0.043
5 0.046
5 0.049
4 0.045
4 0.047
3 0.049
3 0.046
2 0.049
2 0.161
1 0.048
1 0.044
2 0.050
2 0.046
3 0.053
3 0.050
2 0.043
2 0.049
3 0.050
3 0.053
4 0.047
4 0.043
5 0.050
5 0.052
6 0.042
6 0.049
7 0.049
7 0.042
7 0.042
7 0.041
6 0.047
6 0.042
5 0.042
5 0.049
3 0.050
3 0.049
4 0.050
4 0.053
3 0.042
3 0.045
2 0.049
2 0.045
4 0.044
4 0.045
5 0.039
5 0.045
6 0.047
6 0.043
7 0.046
7 0.051
6 0.048
6 0.052
5 0.053
5 0.047
4 0.045
4 0.053
3 0.047
3 0.048
4 0.051
4 0.047
5 0.657
5 0.046
6 0.051
6 0.050
5 0.052
5 0.053
4 0.053
4 0.055
5 0.053
5 0.050
6 0.052
6 0.052
7 0.050
7 0.059
8 0.049
8 0.053
5 0.049
5 0.045
4 0.049
4 0.046
3 0.050
3 0.049
2 0.048
2 0.047
1 0.044
1 0.042
2 0.044
2 0.050
3 0.049
3 0.044
2 0.042
2 0.047
1 0.046
1 0.048
0 0.016
0 0.045
1 0.044
1 0.044
2 0.045
2 0.047
3 0.046
3 0.045
4 0.046
4 0.047
3 0.046
3 0.047
2 0.068
2 0.047
1 0.049
1 0.049
2 0.051
2 0.054
3 0.050
3 0.050
4 0.049
4 0.051
3 0.047
3 0.050
2 0.045
2 0.049
3 0.050
3 0.049
4 0.051
4 0.050
5 0.049
5 0.046
6 0.045
6 0.041
6 0.046
6 0.045
5 0.048
5 0.051
4 0.051
4 0.050
4 0.052
4 0.048
5 0.050
5 0.050
4 0.049
4 0.047
3 0.046
3 0.044
3 0.043
3 0.042
4 0.043
4 0.048
5 0.044
5 0.049
6 0.050
6 0.050
5 0.057
5 0.055
4 0.053
4 0.049
3 0.048
3 0.052
4 0.058
4 0.053
5 0.055
5 0.054
6 0.052
6 0.056
7 0.049
7 0.050
6 0.053
6 0.051
5 0.055
5 0.055
4 0.049
4 0.047
5 0.053
5 0.053
6 0.053
6 0.053
7 0.054
7 0.054
5 0.048
5 0.048
4 0.048
4 0.048
3 0.049
3 0.047
2 0.047
2 0.045
1 0.046
1 0.045
2 0.046
2 0.046
3 0.047
3 0.050
2 0.046
2 0.049
1 0.048
1 0.049
0 0.048
0 0.016
1 0.042
1 0.046
2 0.040
2 0.042
3 0.046
3 0.045
4 0.048
4 0.047
3 0.045
3 0.047
2 0.049
2 0.048
1 0.048
1 0.049
2 0.049
2 0.047
3 0.049
3 0.043
4 0.050
4 0.045
3 0.047
3 0.050
2 0.049
2 0.048
3 0.050
3 0.045
4 0.048
4 0.053
5 0.043
5 0.048
6 0.048
6 0.048
6 0.046
6 0.048
5 0.052
5 0.052
4 0.051
4 0.050
4 0.051
4 0.050
5 0.052
5 0.053
4 0.050
4 0.047
3 0.049
3 0.044
3 0.048
3 0.045
4 0.043
4 0.043
5 0.049
5 0.046
6 0.050
6 0.063
5 0.053
5 0.053
4 0.056
4 0.055
3 0.053
3 0.062
4 0.051
4 0.052
5 0.056
5 0.053
6 0.054
6 0.056
7 0.055
7 0.054
6 0.057
6 0.052
5 0.053
5 0.059
4 0.054
4 0.051
5 0.053
5 0.054
6 0.054
6 0.054
7 0.052
7 0.055
4 0.050
4 0.047
3 0.048
3 0.051
2 0.049
2 0.050
1 0.047
1 0.049
2 0.050
2 0.048
3 0.047
3 0.051
4 0.049
4 0.048
3 0.049
3 0.047
2 0.048
2 0.050
1 0.049
1 0.044
0 0.016
0 0.048
1 0.048
1 0.045
2 0.039
2 0.041
3 0.048
3 0.048
2 0.047
2 0.048
1 0.050
1 0.049
2 0.048
2 0.049
3 0.046
3 0.048
4 0.048
4 0.047
5 0.047
5 0.051
4 0.047
4 0.050
3 0.051
3 0.050
2 0.050
2 0.047
3 0.045
3 0.049
4 0.051
4 0.051
5 0.047
5 0.051
5 0.051
5 0.051
4 0.054
4 0.056
3 0.050
3 0.051
5 0.052
5 0.050
6 0.049
6 0.052
5 0.050
5 0.046
4 0.050
4 0.048
2 0.048
2 0.048
3 0.047
3 0.047
4 0.046
4 0.045
5 0.051
5 0.048
4 0.048
4 0.053
3 0.052
3 0.050
4 0.054
4 0.049
5 0.052
5 0.048
6 0.082
6 0.051
7 0.051
7 0.054
8 0.054
8 0.051
7 0.053
7 0.053
6 0.054
6 0.051
5 0.050
5 0.056
4 0.052
4 0.054
5 0.056
5 0.055
6 0.055
6 0.055
4 0.051
4 0.049
3 0.048
3 0.051
2 0.045
2 0.052
1 0.049
1 0.045
2 0.047
2 0.049
3 0.050
3 0.050
4 0.050
4 0.051
3 0.049
3 0.049
2 0.048
2 0.045
1 0.049
1 0.047
0 0.047
0 0.016
1 0.047
1 0.047
2 0.044
2 0.047
3 0.043
3 0.048
2 0.047
2 0.047
1 0.045
1 0.048
2 0.047
2 0.048
3 0.046
3 0.053
4 0.049
4 0.649
5 0.052
5 0.052
4 0.047
4 0.050
3 0.050
3 0.050
2 0.049
2 0.048
3 0.054
3 0.057
4 0.051
4 0.051
5 0.051
5 0.051
5 0.046
5 0.051
4 0.056
4 0.054
3 0.049
3 0.050
5 0.051
5 0.051
6 0.053
6 0.053
5 0.046
5 0.048
4 0.050
4 0.050
2 0.049
2 0.049
3 0.047
3 0.044
4 0.047
4 0.046
5 0.052
5 0.049
4 0.052
4 0.053
3 0.051
3 0.052
4 0.055
4 0.053
5 0.051
5 0.047
6 0.053
6 0.052
7 0.287
7 0.052
8 0.054
8 0.054
7 0.056
7 0.054
6 0.054
6 0.053
5 0.058
5 0.054
4 0.052
4 0.052
5 0.054
5 0.052
6 0.051
6 0.054
3 0.046
3 0.047
2 0.048
2 0.043
1 0.046
1 0.046
2 0.052
2 0.053
3 0.050
3 0.051
4 0.052
4 0.052
5 0.052
5 0.051
4 0.049
4 0.049
3 0.049
3 0.049
2 0.049
2 0.049
1 0.048
1 0.047
0 0.016
0 0.047
1 0.048
1 0.046
2 0.046
2 0.049
1 0.049
1 0.047
2 0.049
2 0.050
3 0.050
3 0.050
4 0.049
4 0.048
5 0.051
5 0.050
6 0.053
6 0.055
5 0.053
5 0.052
4 0.053
4 0.051
3 0.055
3 0.054
2 0.050
2 0.050
3 0.050
3 0.048
4 0.048
4 0.048
4 0.048
4 0.050
3 0.050
3 0.049
4 0.055
4 0.053
6 0.054
6 0.053
7 0.055
7 0.056
6 0.050
6 0.050
5 0.049
5 0.051
3 0.050
3 0.050
2 0.047
2 0.048
3 0.050
3 0.048
4 0.053
4 0.052
3 0.054
3 0.052
4 0.053
4 0.052
5 0.052
5 0.059
6 0.053
6 0.054
7 0.053
7 0.054
8 0.056
8 0.054
9 0.056
9 0.058
8 0.063
8 0.056
7 0.056
7 0.056
6 0.064
6 0.056
5 0.056
5 0.056
4 0.052
4 0.053
5 0.052
5 0.051
3 0.045
3 0.046
2 0.046
2 0.046
1 0.046
1 0.045
2 0.052
2 0.052
3 0.051
3 0.051
4 0.051
4 0.052
5 0.052
5 0.052
4 0.048
4 0.047
3 0.048
3 0.048
2 0.048
2 0.048
1 0.049
1 0.048
0 0.045
0 0.016
1 0.045
1 0.047
2 0.047
2 0.046
1 0.046
1 0.047
2 0.048
2 0.049
3 0.048
3 0.049
4 0.049
4 0.049
5 0.049
5 0.048
6 0.054
6 0.058
5 0.052
5 0.052
4 0.053
4 0.051
3 0.053
3 0.053
2 0.048
2 0.050
3 0.047
3 0.046
4 0.048
4 0.048
4 0.048
4 0.049
3 0.052
3 0.051
4 0.054
4 0.053
6 0.052
6 0.053
7 0.055
7 0.052
6 0.049
6 0.051
5 0.049
5 0.050
3 0.048
3 0.050
2 0.049
2 0.047
3 0.047
3 0.047
4 0.051
4 0.051
3 0.052
3 0.051
4 0.051
4 0.052
5 0.057
5 0.053
6 0.053
6 0.054
7 0.055
7 0.053
8 0.053
8 0.056
9 0.056
9 0.057
8 0.055
8 0.056
7 0.056
7 0.055
6 0.056
6 0.057
5 0.054
5 0.055
4 0.054
4 0.053
5 0.052
5 0.053
2 0.042
2 0.046
1 0.046
1 0.039
2 0.043
2 0.047
3 0.048
3 0.048
4 0.046
4 0.048
5 0.050
5 0.048
6 0.049
6 0.050
5 0.048
5 0.047
4 0.048
4 0.048
3 0.045
3 0.048
2 0.047
2 0.048
1 0.044
1 0.045
0 0.015
0 0.045
1 0.045
1 0.046
2 0.046
2 0.047
3 0.049
3 0.048
4 0.049
4 0.048
5 0.049
5 0.050
6 0.049
6 0.048
7 0.050
7 0.051
6 0.049
6 0.050
5 0.049
5 0.049
4 0.051
4 0.051
3 0.048
3 0.049
2 0.047
2 0.047
3 0.047
3 0.048
3 0.048
3 0.051
4 0.048
4 0.048
5 0.051
5 0.051
7 0.051
7 0.050
8 0.050
8 0.051
7 0.049
7 0.049
6 0.050
6 0.049
4 0.049
4 0.049
3 0.048
3 0.049
2 0.049
2 0.048
3 0.050
3 0.051
4 0.052
4 0.052
5 0.052
5 0.053
6 0.054
6 0.055
7 0.053
7 0.053
8 0.054
8 0.054
9 0.052
9 0.055
10 0.054
10 0.055
9 0.055
9 0.055
8 0.054
8 0.055
7 0.055
7 0.053
6 0.054
6 0.053
5 0.053
5 0.052
4 0.051
4 0.050
2 0.044
2 0.044
1 0.043
1 0.041
2 0.046
2 0.047
3 0.049
3 0.048
4 0.048
4 0.048
5 0.046
5 0.048
6 0.050
6 0.051
5 0.047
5 0.049
4 0.048
4 0.048
3 0.048
3 0.048
2 0.048
2 0.048
1 0.045
1 0.045
0 0.043
0 0.015
1 0.045
1 0.046
2 0.047
2 0.046
3 0.048
3 0.047
4 0.048
4 0.048
5 0.049
5 0.048
6 0.049
6 0.049
7 0.051
7 0.051
6 0.050
6 0.051
5 0.049
5 0.049
4 0.051
4 0.051
3 0.050
3 0.049
2 0.047
2 0.047
3 0.047
3 0.048
3 0.046
3 0.046
4 0.047
4 0.047
5 0.051
5 0.051
7 0.050
7 0.050
8 0.050
8 0.052
7 0.049
7 0.050
6 0.049
6 0.049
4 0.048
4 0.049
3 0.046
3 0.047
2 0.047
2 0.047
3 0.050
3 0.050
4 0.050
4 0.051
5 0.053
5 0.052
6 0.053
6 0.054
7 0.052
7 0.052
8 0.052
8 0.055
9 0.062
9 0.053
10 0.053
10 0.054
9 0.058
9 0.054
8 0.053
8 0.065
7 0.054
7 0.058
6 0.052
6 0.056
5 0.054
5 0.055
4 0.051
4 0.052
3 0.043
3 0.046
2 0.046
2 0.047
3 0.046
3 0.043
4 0.050
4 0.050
5 0.048
5 0.049
6 0.048
6 0.047
7 0.047
7 0.049
6 0.048
6 0.046
5 0.046
5 0.049
4 0.051
4 0.045
3 0.048
3 0.047
2 0.044
2 0.046
1 0.046
1 0.044
0 0.015
0 0.045
1 0.044
1 0.044
2 0.045
2 0.047
3 0.048
3 0.048
4 0.048
4 0.048
5 0.048
5 0.049
6 0.048
6 0.047
5 0.049
5 0.049
4 0.049
4 0.048
3 0.051
3 0.046
2 0.048
2 0.047
1 0.047
1 0.046
2 0.046
2 0.046
2 0.047
2 0.047
3 0.048
3 0.047
4 0.050
4 0.051
6 0.051
6 0.098
7 0.048
7 0.049
6 0.049
6 0.048
5 0.049
5 0.049
3 0.048
3 0.049
2 0.047
2 0.047
1 0.048
1 0.047
2 0.049
2 0.051
3 0.051
3 0.052
4 0.052
4 0.052
5 0.054
5 0.052
6 0.053
6 0.053
7 0.054
7 0.054
8 0.054
8 0.057
9 0.054
9 0.054
8 0.052
8 0.053
7 0.054
7 0.053
6 0.053
6 0.054
5 0.052
5 0.051
4 0.052
4 0.051
3 0.053
3 0.051
3 0.046
3 0.043
2 0.044
2 0.048
3 0.044
3 0.045
4 0.051
4 0.051
5 0.049
5 0.049
6 0.050
6 0.050
7 0.050
7 0.050
6 0.048
6 0.049
5 0.050
5 0.050
4 0.061
4 0.058
3 0.049
3 0.049
2 0.048
2 0.046
1 0.046
1 0.046
0 0.045
0 0.016
1 0.046
1 0.047
2 0.048
2 0.048
3 0.049
3 0.049
4 0.048
4 0.049
5 0.049
5 0.049
6 0.050
6 0.050
5 0.050
5 0.051
4 0.049
4 0.049
3 0.051
3 0.050
2 0.048
2 0.048
1 0.047
1 0.048
2 0.047
2 0.048
2 0.047
2 0.049
3 0.048
3 0.048
4 0.051
4 0.051
6 0.051
6 0.050
7 0.050
7 0.050
6 0.053
6 0.050
5 0.050
5 0.049
3 0.049
3 0.049
2 0.047
2 0.047
1 0.049
1 0.047
2 0.051
2 0.051
3 0.050
3 0.051
4 0.052
4 0.052
5 0.055
5 0.053
6 0.051
6 0.054
7 0.054
7 0.054
8 0.054
8 0.054
9 0.054
9 0.054
8 0.055
8 0.053
7 0.054
7 0.053
6 0.053
6 0.056
5 0.052
5 0.052
4 0.051
4 0.051
3 0.050
3 0.050
4 0.045
4 0.047
3 0.048
3 0.043
2 0.043
2 0.044
3 0.046
3 0.051
4 0.049
4 0.049
5 0.052
5 0.051
6 0.049
6 0.047
5 0.048
5 0.045
4 0.048
4 0.048
3 0.050
3 0.048
2 0.042
2 0.047
1 0.044
1 0.044
2 0.045
2 0.045
1 0.045
1 0.044
0 0.015
0 0.042
1 0.046
1 0.043
2 0.045
2 0.046
3 0.047
3 0.045
4 0.047
4 0.044
5 0.050
5 0.050
4 0.051
4 0.050
3 0.050
3 0.050
2 0.052
2 0.052
1 0.046
1 0.045
2 0.046
2 0.048
3 0.045
3 0.046
3 0.046
3 0.048
2 0.044
2 0.046
3 0.052
3 0.052
5 0.052
5 0.051
6 0.051
6 0.050
5 0.048
5 0.048
4 0.048
4 0.048
2 0.047
2 0.047
1 0.046
1 0.046
2 0.046
2 0.046
3 0.049
3 0.050
2 0.050
2 0.050
3 0.051
3 0.051
4 0.051
4 0.056
5 0.051
5 0.052
6 0.050
6 0.052
7 0.052
7 0.052
8 0.055
8 0.056
7 0.055
7 0.055
6 0.053
6 0.054
5 0.054
5 0.054
4 0.054
4 0.053
3 0.051
3 0.050
4 0.050
4 0.050
4 0.041
4 0.040
3 0.047
3 0.043
2 0.045
2 0.044
3 0.050
3 0.052
4 0.050
4 0.048
5 0.050
5 0.052
6 0.051
6 0.050
5 0.045
5 0.047
4 0.049
4 0.046
3 0.050
3 0.047
2 0.047
2 0.044
1 0.045
1 0.045
2 0.046
2 0.044
1 0.044
1 0.042
0 0.042
0 0.015
1 0.046
1 0.044
2 0.045
2 0.044
3 0.046
3 0.046
4 0.047
4 0.045
5 0.050
5 0.049
4 0.046
4 0.056
3 0.051
3 0.048
2 0.052
2 0.052
1 0.044
1 0.046
2 0.047
2 0.048
3 0.046
3 0.046
3 0.046
3 0.047
2 0.046
2 0.045
3 0.050
3 0.052
5 0.047
5 0.049
6 0.051
6 0.048
5 0.048
5 0.047
4 0.048
4 0.047
2 0.047
2 0.047
1 0.046
1 0.046
2 0.044
2 0.044
3 0.050
3 0.050
2 0.054
2 0.049
3 0.053
3 0.050
4 0.054
4 0.052
5 0.052
5 0.051
6 0.051
6 0.051
7 0.051
7 0.052
8 0.053
8 0.054
7 0.051
7 0.052
6 0.054
6 0.056
5 0.052
5 0.061
4 0.052
4 0.052
3 0.050
3 0.050
4 0.049
4 0.050
5 0.048
5 0.046
4 0.050
4 0.042
3 0.046
3 0.049
2 0.045
2 0.047
3 0.047
3 0.046
4 0.056
4 0.050
5 0.050
5 0.052
4 0.049
4 0.050
3 0.051
3 0.047
2 0.048
2 0.048
1 0.046
1 0.048
2 0.047
2 0.048
3 0.046
3 0.050
2 0.048
2 0.047
1 0.047
1 0.046
0 0.017
0 0.049
1 0.049
1 0.049
2 0.049
2 0.047
3 0.050
3 0.050
4 0.050
4 0.049
3 0.050
3 0.050
2 0.050
2 0.050
1 0.047
1 0.049
2 0.053
2 0.054
3 0.052
3 0.051
4 0.051
4 0.050
4 0.053
4 0.055
3 0.053
3 0.053
2 0.050
2 0.049
4 0.051
4 0.049
5 0.051
5 0.051
4 0.050
4 0.050
3 0.050
3 0.050
1 0.049
1 0.050
2 0.049
2 0.048
3 0.049
3 0.048
4 0.049
4 0.052
3 0.051
3 0.052
2 0.052
2 0.051
3 0.053
3 0.055
4 0.054
4 0.054
5 0.055
5 0.054
6 0.054
6 0.054
7 0.054
7 0.054
6 0.055
6 0.054
5 0.052
5 0.054
4 0.054
4 0.054
3 0.053
3 0.053
4 0.054
4 0.055
5 0.055
5 0.055
5 0.047
5 0.049
4 0.052
4 0.052
3 0.052
3 0.051
2 0.049
2 0.045
3 0.050
3 0.052
4 0.049
4 0.048
5 0.050
5 0.051
4 0.050
4 0.051
3 0.051
3 0.049
2 0.049
2 0.051
1 0.049
1 0.050
2 0.048
2 0.048
3 0.050
3 0.046
2 0.047
2 0.046
1 0.047
1 0.043
0 0.044
0 0.016
1 0.046
1 0.042
2 0.044
2 0.049
3 0.052
3 0.048
4 0.053
4 0.052
3 0.050
3 0.048
2 0.049
2 0.050
1 0.049
1 0.044
2 0.050
2 0.048
3 0.043
3 0.045
4 0.044
4 0.043
4 0.044
4 0.043
3 0.046
3 0.045
2 0.041
2 0.047
4 0.043
4 0.046
5 0.049
5 0.050
4 0.045
4 0.047
3 0.048
3 0.047
1 0.047
1 0.049
2 0.042
2 0.045
3 0.045
3 0.046
4 0.051
4 0.045
3 0.052
3 0.047
2 0.052
2 0.048
3 0.053
3 0.054
4 0.047
4 0.050
5 0.050
5 0.051
6 0.054
6 0.054
7 0.052
7 0.051
6 0.053
6 0.051
5 0.051
5 0.048
4 0.053
4 0.060
3 0.052
3 0.053
4 0.054
4 0.051
5 0.053
5 0.052
6 0.050
6 0.048
5 0.049
5 0.048
4 0.048
4 0.048
3 0.047
3 0.051
2 0.048
2 0.049
3 0.054
3 0.047
4 0.050
4 0.053
3 0.050
3 0.042
2 0.042
2 0.043
1 0.041
1 0.050
2 0.044
2 0.045
3 0.043
3 0.045
4 0.048
4 0.047
3 0.048
3 0.047
2 0.047
2 0.047
1 0.049
1 0.049
0 0.016
0 0.048
1 0.049
1 0.048
2 0.053
2 0.048
3 0.049
3 0.050
2 0.050
2 0.049
1 0.049
1 0.047
2 0.045
2 0.050
3 0.042
3 0.049
4 0.041
4 0.050
5 0.047
5 0.042
5 0.052
5 0.042
4 0.048
4 0.044
3 0.052
3 0.050
3 0.052
3 0.051
4 0.050
4 0.052
3 0.046
3 0.045
2 0.046
2 0.045
2 0.048
2 0.049
3 0.047
3 0.048
4 0.050
4 0.050
5 0.051
5 0.051
4 0.052
4 0.049
3 0.058
3 0.054
2 0.059
2 0.052
3 0.052
3 0.053
4 0.052
4 0.051
5 0.052
5 0.051
6 0.049
6 0.055
5 0.054
5 0.052
4 0.048
4 0.047
3 0.044
3 0.048
4 0.046
4 0.053
5 0.050
5 0.053
6 0.052
6 0.052
6 0.045
6 0.049
5 0.049
5 0.049
4 0.046
4 0.050
3 0.049
3 0.048
2 0.045
2 0.050
3 0.053
3 0.049
4 0.050
4 0.049
3 0.050
3 0.049
2 0.043
2 0.044
1 0.047
1 0.046
2 0.050
2 0.052
3 0.049
3 0.048
4 0.045
4 0.048
3 0.047
3 0.048
2 0.044
2 0.045
1 0.048
1 0.049
0 0.049
0 0.015
1 0.048
1 0.049
2 0.049
2 0.049
3 0.047
3 0.044
2 0.048
2 0.046
1 0.044
1 0.042
2 0.051
2 0.055
3 0.050
3 0.050
4 0.051
4 0.047
5 0.048
5 0.047
5 0.052
5 0.044
4 0.045
4 0.043
3 0.053
3 0.049
3 0.051
3 0.051
4 0.049
4 0.050
3 0.051
3 0.050
2 0.049
2 0.049
2 0.047
2 0.049
3 0.047
3 0.042
4 0.079
4 0.048
5 0.046
5 0.049
4 0.052
4 0.048
3 0.053
3 0.051
2 0.054
2 0.051
3 0.054
3 0.052
4 0.053
4 0.051
5 0.322
5 0.053
6 0.054
6 0.053
5 0.050
5 0.051
4 0.053
4 0.053
3 0.061
3 0.052
4 0.053
4 0.052
5 0.055
5 0.052
6 0.050
6 0.051
7 0.045
7 0.048
6 0.050
6 0.050
5 0.050
5 0.051
4 0.050
4 0.050
3 0.050
3 0.050
2 0.050
2 0.049
3 0.050
3 0.051
2 0.049
2 0.047
1 0.044
1 0.041
2 0.054
2 0.050
3 0.049
3 0.051
4 0.048
4 0.048
5 0.048
5 0.048
4 0.048
4 0.048
3 0.047
3 0.048
2 0.049
2 0.048
1 0.048
1 0.049
0 0.016
0 0.048
1 0.049
1 0.048
2 0.049
2 0.049
1 0.048
1 0.046
2 0.049
2 0.049
3 0.049
3 0.048
4 0.043
4 0.046
5 0.042
5 0.044
6 0.040
6 0.050
6 0.042
6 0.044
5 0.049
5 0.043
4 0.043
4 0.049
2 0.044
2 0.047
3 0.047
3 0.043
2 0.045
2 0.045
1 0.049
1 0.047
3 0.046
3 0.044
4 0.049
4 0.045
5 0.047
5 0.045
6 0.048
6 0.048
5 0.051
5 0.052
4 0.054
4 0.049
3 0.050
3 0.051
2 0.049
2 0.053
3 0.051
3 0.050
4 0.053
4 0.054
5 0.052
5 0.054
4 0.052
4 0.050
3 0.053
3 0.053
4 0.057
4 0.053
5 0.053
5 0.053
6 0.053
6 0.052
7 0.054
7 0.053
7 0.049
7 0.048
6 0.048
6 0.048
5 0.047
5 0.046
4 0.050
4 0.050
3 0.054
3 0.050
2 0.050
2 0.050
3 0.050
3 0.048
2 0.046
2 0.047
1 0.051
1 0.049
2 0.049
2 0.051
3 0.049
3 0.050
4 0.049
4 0.048
5 0.048
5 0.048
4 0.046
4 0.047
3 0.047
3 0.048
2 0.049
2 0.049
1 0.049
1 0.049
0 0.049
0 0.017
1 0.049
1 0.048
2 0.049
2 0.051
1 0.049
1 0.048
2 0.048
2 0.049
3 0.050
3 0.048
4 0.043
4 0.049
5 0.043
5 0.044
6 0.043
6 0.044
6 0.044
6 0.045
5 0.042
5 0.042
4 0.041
4 0.048
2 0.049
2 0.047
3 0.047
3 0.051
2 0.041
2 0.051
1 0.047
1 0.045
3 0.043
3 0.040
4 0.049
4 0.044
5 0.048
5 0.047
6 0.054
6 0.052
5 0.053
5 0.050
4 0.054
4 0.052
3 0.056
3 0.053
2 0.054
2 0.053
3 0.052
3 0.053
4 0.537
4 0.054
5 0.053
5 0.050
4 0.054
4 0.054
3 0.054
3 0.055
4 0.052
4 0.053
5 0.053
5 0.055
6 0.053
6 0.052
7 0.054
7 0.053
8 0.049
8 0.044
7 0.044
7 0.049
6 0.049
6 0.051
5 0.049
5 0.046
4 0.047
4 0.051
3 0.051
3 0.052
2 0.047
2 0.049
1 0.045
1 0.048
2 0.049
2 0.046
3 0.052
3 0.046
4 0.052
4 0.046
5 0.047
5 0.046
6 0.045
6 0.044
5 0.047
5 0.047
4 0.048
4 0.043
3 0.047
3 0.045
2 0.045
2 0.042
1 0.047
1 0.043
0 0.016
0 0.045
1 0.047
1 0.049
2 0.048
2 0.046
3 0.043
3 0.045
4 0.050
4 0.044
5 0.048
5 0.050
6 0.047
6 0.044
7 0.043
7 0.046
7 0.041
7 0.047
6 0.051
6 0.047
5 0.052
5 0.047
3 0.050
3 0.051
2 0.049
2 0.050
1 0.050
1 0.047
2 0.048
2 0.050
4 0.047
4 0.046
5 0.044
5 0.045
6 0.047
6 0.047
7 0.049
7 0.049
6 0.052
6 0.051
5 0.052
5 0.047
4 0.053
4 0.053
3 0.047
3 0.053
2 0.051
2 0.051
3 0.049
3 0.052
4 0.051
4 0.053
3 0.052
3 0.051
4 0.057
4 0.048
5 0.047
5 0.054
6 0.046
6 0.051
7 0.049
7 0.047
8 0.051
8 0.050
8 0.046
8 0.048
7 0.049
7 0.050
6 0.050
6 0.046
5 0.047
5 0.044
4 0.049
4 0.050
3 0.051
3 0.051
2 0.049
2 0.042
1 0.045
1 0.046
2 0.050
2 0.050
3 0.047
3 0.049
4 0.050
4 0.050
5 0.048
5 0.048
6 0.048
6 0.049
5 0.048
5 0.048
4 0.048
4 0.047
3 0.048
3 0.049
2 0.049
2 0.046
1 0.049
1 0.049
0 0.049
0 0.016
1 0.049
1 0.049
2 0.050
2 0.050
3 0.057
3 0.050
4 0.050
4 0.047
5 0.051
5 0.051
6 0.047
6 0.049
7 0.044
7 0.043
7 0.051
7 0.049
6 0.051
6 0.051
5 0.051
5 0.050
3 0.050
3 0.050
2 0.048
2 0.048
1 0.049
1 0.049
2 0.049
2 0.045
4 0.044
4 0.044
5 0.044
5 0.042
6 0.048
6 0.048
7 0.052
7 0.052
6 0.051
6 0.050
5 0.053
5 0.053
4 0.054
4 0.053
3 0.051
3 0.052
2 0.053
2 0.053
3 0.061
3 0.052
4 0.050
4 0.053
3 0.049
3 0.053
4 0.048
4 0.052
5 0.055
5 0.053
6 0.052
6 0.051
7 0.053
7 0.052
8 0.052
8 0.049
7 0.046
7 0.046
6 0.040
6 0.041
5 0.046
5 0.041
4 0.048
4 0.045
3 0.048
3 0.045
2 0.048
2 0.042
1 0.048
1 0.046
2 0.049
2 0.049
3 0.049
3 0.052
4 0.051
4 0.053
5 0.047
5 0.056
6 0.045
6 0.050
7 0.049
7 0.051
6 0.048
6 0.047
5 0.047
5 0.050
4 0.050
4 0.048
3 0.050
3 0.050
2 0.049
2 0.049
1 0.048
1 0.048
0 0.016
0 0.048
1 0.047
1 0.046
2 0.047
2 0.047
3 0.048
3 0.049
4 0.044
4 0.045
5 0.040
5 0.044
6 0.040
6 0.040
6 0.045
6 0.048
5 0.043
5 0.048
4 0.050
4 0.051
2 0.043
2 0.048
1 0.049
1 0.050
2 0.049
2 0.047
3 0.047
3 0.050
5 0.049
5 0.049
6 0.044
6 0.043
7 0.042
7 0.045
8 0.045
8 0.053
7 0.050
7 0.047
6 0.049
6 0.053
5 0.055
5 0.053
4 0.050
4 0.045
3 0.049
3 0.053
4 0.053
4 0.053
3 0.053
3 0.053
2 0.053
2 0.053
3 0.051
3 0.053
4 0.056
4 0.053
5 0.052
5 0.053
6 0.052
6 0.053
7 0.051
7 0.050
7 0.046
7 0.045
6 0.041
6 0.045
5 0.044
5 0.044
4 0.041
4 0.043
3 0.043
3 0.044
2 0.048
2 0.043
1 0.049
1 0.044
2 0.048
2 0.052
3 0.045
3 0.046
4 0.046
4 0.051
5 0.052
5 0.051
6 0.050
6 0.051
7 0.051
7 0.050
6 0.049
6 0.049
5 0.051
5 0.051
4 0.048
4 0.047
3 0.050
3 0.049
2 0.050
2 0.050
1 0.049
1 0.045
0 0.045
0 0.016
1 0.047
1 0.045
2 0.043
2 0.047
3 0.049
3 0.049
4 0.047
4 0.047
5 0.042
5 0.043
6 0.042
6 0.039
6 0.044
6 0.040
5 0.040
5 0.041
4 0.043
4 0.047
2 0.045
2 0.046
1 0.047
1 0.044
2 0.040
2 0.045
3 0.041
3 0.049
5 0.046
5 0.042
6 0.048
6 0.047
7 0.047
7 0.050
8 0.047
8 0.051
7 0.050
7 0.048
6 0.045
6 0.053
5 0.054
5 0.052
4 0.055
4 0.054
3 0.053
3 0.052
4 0.053
4 0.051
3 0.052
3 0.053
2 0.053
2 0.052
3 0.053
3 0.050
4 0.052
4 0.055
5 0.052
5 0.052
6 0.048
6 0.051
7 0.052
7 0.051
6 0.048
6 0.046
5 0.046
5 0.045
4 0.045
4 0.047
3 0.048
3 0.049
2 0.047
2 0.048
1 0.049
1 0.049
2 0.049
2 0.050
3 0.050
3 0.050
2 0.050
2 0.050
3 0.047
3 0.052
4 0.050
4 0.052
5 0.051
5 0.051
6 0.052
6 0.047
5 0.049
5 0.052
4 0.049
4 0.050
3 0.046
3 0.046
2 0.046
2 0.049
1 0.047
1 0.055
2 0.055
2 0.049
1 0.050
1 0.051
0 0.016
0 0.045
1 0.048
1 0.047
2 0.049
2 0.042
3 0.046
3 0.045
4 0.046
4 0.045
5 0.043
5 0.047
5 0.041
5 0.043
4 0.046
4 0.045
3 0.047
3 0.048
1 0.045
1 0.049
2 0.049
2 0.048
3 0.045
3 0.050
2 0.049
2 0.050
4 0.050
4 0.051
5 0.051
5 0.049
6 0.046
6 0.043
7 0.050
7 0.052
6 0.052
6 0.052
5 0.048
5 0.049
4 0.050
4 0.050
3 0.047
3 0.052
4 0.052
4 0.053
5 0.053
5 0.052
4 0.050
4 0.052
3 0.051
3 0.052
2 0.048
2 0.051
3 0.047
3 0.057
4 0.048
4 0.055
5 0.049
5 0.052
6 0.051
6 0.050
6 0.047
6 0.047
5 0.046
5 0.044
4 0.045
4 0.047
3 0.044
3 0.042
2 0.047
2 0.044
1 0.049
1 0.051
2 0.051
2 0.050
3 0.050
3 0.051
2 0.048
2 0.049
3 0.051
3 0.050
4 0.050
4 0.049
5 0.050
5 0.051
6 0.049
6 0.049
5 0.049
5 0.048
4 0.050
4 0.049
3 0.049
3 0.048
2 0.049
2 0.048
1 0.048
1 0.049
2 0.048
2 0.049
1 0.047
1 0.047
0 0.048
0 0.016
1 0.048
1 0.049
2 0.049
2 0.049
3 0.041
3 0.043
4 0.041
4 0.042
5 0.045
5 0.040
5 0.042
5 0.042
4 0.044
4 0.048
3 0.046
3 0.049
1 0.048
1 0.048
2 0.050
2 0.050
3 0.050
3 0.046
2 0.045
2 0.057
4 0.047
4 0.048
5 0.050
5 0.051
6 0.049
6 0.049
7 0.052
7 0.053
6 0.053
6 0.053
5 0.053
5 0.053
4 0.053
4 0.054
3 0.049
3 0.054
4 0.052
4 0.050
5 0.049
5 0.055
4 0.049
4 0.049
3 0.052
3 0.054
2 0.051
2 0.051
3 0.055
3 0.053
4 0.053
4 0.053
5 0.051
5 0.050
6 0.050
6 0.052
5 0.053
5 0.044
4 0.044
4 0.043
3 0.047
3 0.048
2 0.049
2 0.049
1 0.045
1 0.048
2 0.049
2 0.050
3 0.050
3 0.049
4 0.050
4 0.049
3 0.056
3 0.050
2 0.056
2 0.046
3 0.050
3 0.048
4 0.051
4 0.051
5 0.051
5 0.047
4 0.047
4 0.046
3 0.050
3 0.045
2 0.049
2 0.048
1 0.046
1 0.049
2 0.047
2 0.044
3 0.049
3 0.050
2 0.049
2 0.049
1 0.048
1 0.049
0 0.016
0 0.049
1 0.049
1 0.047
2 0.047
2 0.047
3 0.046
3 0.040
4 0.046
4 0.048
4 0.055
4 0.045
3 0.043
3 0.047
2 0.049
2 0.050
2 0.049
2 0.048
3 0.049
3 0.050
4 0.048
4 0.048
3 0.048
3 0.047
3 0.053
3 0.054
4 0.050
4 0.051
5 0.052
5 0.048
6 0.051
6 0.048
5 0.052
5 0.050
4 0.053
4 0.051
3 0.052
3 0.052
4 0.054
4 0.050
5 0.050
5 0.054
6 0.054
6 0.055
5 0.047
5 0.048
4 0.051
4 0.051
3 0.053
3 0.049
2 0.047
2 0.049
3 0.050
3 0.049
4 0.049
4 0.053
5 0.052
5 0.051
5 0.047
5 0.042
4 0.047
4 0.048
3 0.048
3 0.048
2 0.048
2 0.049
1 0.049
1 0.048
2 0.049
2 0.046
3 0.049
3 0.049
4 0.051
4 0.050
3 0.049
3 0.050
2 0.044
2 0.050
3 0.049
3 0.050
4 0.045
4 0.050
5 0.049
5 0.049
4 0.048
4 0.046
3 0.050
3 0.048
2 0.046
2 0.049
1 0.049
1 0.049
2 0.050
2 0.049
3 0.049
3 0.050
2 0.049
2 0.049
1 0.049
1 0.046
0 0.048
0 0.016
1 0.048
1 0.047
2 0.046
2 0.046
3 0.045
3 0.046
4 0.043
4 0.043
4 0.039
4 0.039
3 0.041
3 0.043
2 0.040
2 0.051
2 0.043
2 0.049
3 0.045
3 0.047
4 0.048
4 0.055
3 0.050
3 0.045
3 0.044
3 0.056
4 0.057
4 0.060
5 0.052
5 0.051
6 0.052
6 0.052
5 0.045
5 0.049
4 0.051
4 0.053
3 0.053
3 0.057
4 0.054
4 0.053
5 0.054
5 0.055
6 0.127
6 0.052
5 0.052
5 0.053
4 0.051
4 0.052
3 0.053
3 0.048
2 0.059
2 0.047
3 0.052
3 0.053
4 0.051
4 0.047
5 0.050
5 0.050
4 0.040
4 0.048
3 0.044
3 0.047
2 0.044
2 0.040
1 0.048
1 0.045
2 0.047
2 0.047
3 0.049
3 0.048
4 0.050
4 0.050
5 0.050
5 0.050
4 0.051
4 0.048
3 0.051
3 0.054
2 0.048
2 0.047
3 0.050
3 0.052
4 0.049
4 0.048
3 0.050
3 0.050
2 0.051
2 0.048
1 0.046
1 0.048
2 0.047
2 0.050
3 0.050
3 0.049
4 0.047
4 0.049
3 0.046
3 0.049
2 0.049
2 0.049
1 0.049
1 0.049
0 0.016
0 0.046
1 0.048
1 0.042
2 0.044
2 0.044
3 0.043
3 0.049
3 0.044
3 0.046
2 0.046
2 0.049
1 0.048
1 0.048
3 0.049
3 0.048
4 0.049
4 0.049
5 0.050
5 0.050
4 0.050
4 0.049
2 0.048
2 0.049
3 0.051
3 0.052
4 0.052
4 0.050
5 0.054
5 0.060
4 0.052
4 0.054
3 0.054
3 0.055
4 0.057
4 0.055
5 0.054
5 0.057
6 0.058
6 0.055
7 0.054
7 0.057
6 0.054
6 0.053
5 0.052
5 0.055
4 0.052
4 0.052
3 0.056
3 0.055
2 0.054
2 0.053
3 0.052
3 0.051
4 0.051
4 0.053
4 0.048
4 0.047
3 0.046
3 0.048
2 0.048
2 0.046
1 0.050
1 0.050
2 0.049
2 0.048
3 0.049
3 0.050
4 0.050
4 0.048
5 0.048
5 0.051
4 0.047
4 0.047
3 0.052
3 0.050
2 0.047
2 0.048
3 0.053
3 0.052
4 0.051
4 0.048
3 0.050
3 0.050
2 0.054
2 0.046
1 0.046
1 0.040
2 0.044
2 0.049
3 0.048
3 0.054
4 0.049
4 0.049
3 0.046
3 0.047
2 0.046
2 0.048
1 0.049
1 0.046
0 0.049
0 0.016
1 0.048
1 0.045
2 0.043
2 0.045
3 0.046
3 0.044
3 0.046
3 0.048
2 0.047
2 0.048
1 0.045
1 0.042
3 0.046
3 0.049
4 0.048
4 0.045
5 0.052
5 0.050
4 0.048
4 0.049
2 0.045
2 0.049
3 0.051
3 0.048
4 0.050
4 0.050
5 0.054
5 0.048
4 0.055
4 0.050
3 0.058
3 0.055
4 0.056
4 0.055
5 0.057
5 0.055
6 0.057
6 0.059
7 0.059
7 0.055
6 0.048
6 0.051
5 0.054
5 0.054
4 0.053
4 0.054
3 0.049
3 0.054
2 0.051
2 0.051
3 0.049
3 0.051
4 0.051
4 0.047
3 0.046
3 0.045
2 0.050
2 0.045
1 0.045
1 0.045
2 0.047
2 0.046
3 0.048
3 0.047
4 0.049
4 0.047
5 0.049
5 0.048
6 0.052
6 0.052
5 0.052
5 0.050
4 0.054
4 0.050
3 0.055
3 0.053
2 0.048
2 0.051
3 0.048
3 0.048
2 0.046
2 0.046
1 0.046
1 0.046
2 0.052
2 0.057
3 0.051
3 0.051
4 0.051
4 0.051
5 0.051
5 0.051
4 0.047
4 0.048
3 0.048
3 0.049
2 0.049
2 0.047
1 0.047
1 0.047
0 0.015
0 0.048
1 0.044
1 0.045
2 0.046
2 0.044
2 0.046
2 0.046
1 0.047
1 0.047
2 0.048
2 0.048
4 0.048
4 0.049
5 0.049
5 0.049
6 0.051
6 0.052
5 0.051
5 0.051
3 0.053
3 0.054
2 0.047
2 0.046
3 0.047
3 0.047
4 0.052
4 0.052
3 0.049
3 0.050
4 0.054
4 0.055
5 0.054
5 0.056
6 0.056
6 0.055
7 0.055
7 0.055
8 0.057
8 0.057
7 0.052
7 0.052
6 0.053
6 0.051
5 0.052
5 0.053
4 0.052
4 0.052
3 0.051
3 0.051
2 0.051
2 0.051
3 0.050
3 0.051
3 0.044
3 0.043
2 0.046
2 0.045
1 0.045
1 0.045
2 0.047
2 0.048
3 0.048
3 0.048
4 0.050
4 0.048
5 0.050
5 0.050
6 0.053
6 0.052
5 0.053
5 0.053
4 0.053
4 0.050
3 0.056
3 0.057
2 0.049
2 0.051
3 0.047
3 0.047
2 0.047
2 0.046
1 0.046
1 0.046
2 0.054
2 0.053
3 0.051
3 0.051
4 0.052
4 0.051
5 0.052
5 0.051
4 0.049
4 0.049
3 0.048
3 0.048
2 0.048
2 0.048
1 0.047
1 0.045
0 0.045
0 0.015
1 0.046
1 0.045
2 0.045
2 0.045
2 0.045
2 0.045
1 0.046
1 0.046
2 0.048
2 0.048
4 0.049
4 0.048
5 0.049
5 0.049
6 0.052
6 0.052
5 0.051
5 0.051
3 0.054
3 0.054
2 0.047
2 0.047
3 0.047
3 0.053
4 0.051
4 0.051
3 0.050
3 0.051
4 0.054
4 0.054
5 0.055
5 0.055
6 0.055
6 0.054
7 0.056
7 0.056
8 0.057
8 0.056
7 0.053
7 0.053
6 0.052
6 0.054
5 0.053
5 0.053
4 0.054
4 0.053
3 0.053
3 0.053
2 0.052
2 0.051
3 0.051
3 0.052
2 0.041
2 0.045
1 0.043
1 0.044
2 0.041
2 0.043
3 0.047
3 0.048
4 0.047
4 0.049
5 0.047
5 0.046
6 0.055
6 0.045
7 0.046
7 0.048
6 0.050
6 0.048
5 0.055
5 0.051
4 0.058
4 0.050
3 0.046
3 0.046
2 0.043
2 0.046
1 0.040
1 0.042
2 0.042
2 0.045
3 0.049
3 0.059
4 0.049
4 0.049
5 0.050
5 0.049
6 0.050
6 0.049
5 0.049
5 0.048
4 0.048
4 0.047
3 0.046
3 0.047
2 0.047
2 0.045
1 0.046
1 0.043
0 0.015
0 0.045
1 0.045
1 0.045
1 0.044
1 0.044
2 0.045
2 0.045
3 0.047
3 0.048
5 0.046
5 0.046
6 0.044
6 0.046
7 0.047
7 0.049
6 0.048
6 0.048
4 0.050
4 0.050
3 0.046
3 0.045
2 0.045
2 0.045
3 0.051
3 0.048
4 0.050
4 0.050
5 0.051
5 0.052
6 0.052
6 0.052
7 0.052
7 0.052
8 0.052
8 0.196
9 0.051
9 0.053
8 0.051
8 0.053
7 0.051
7 0.049
6 0.052
6 0.051
5 0.051
5 0.051
4 0.051
4 0.050
3 0.049
3 0.048
2 0.047
2 0.044
2 0.045
2 0.046
1 0.046
1 0.041
2 0.041
2 0.042
3 0.046
3 0.047
4 0.047
4 0.047
5 0.056
5 0.045
6 0.047
6 0.054
7 0.049
7 0.048
6 0.043
6 0.047
5 0.048
5 0.050
4 0.050
4 0.051
3 0.044
3 0.045
2 0.045
2 0.043
1 0.042
1 0.044
2 0.044
2 0.046
3 0.067
3 0.050
4 0.046
4 0.048
5 0.048
5 0.050
6 0.049
6 0.049
5 0.047
5 0.048
4 0.047
4 0.045
3 0.047
3 0.043
2 0.039
2 0.047
1 0.044
1 0.045
0 0.045
0 0.014
1 0.041
1 0.042
1 0.044
1 0.036
2 0.043
2 0.043
3 0.042
3 0.046
5 0.044
5 0.048
6 0.047
6 0.044
7 0.045
7 0.052
6 0.049
6 0.046
4 0.053
4 0.051
3 0.046
3 0.046
2 0.046
2 0.043
3 0.050
3 0.047
4 0.050
4 0.049
5 0.050
5 0.051
6 0.055
6 0.054
7 0.053
7 0.053
8 0.051
8 0.052
9 0.051
9 0.050
8 0.052
8 0.051
7 0.052
7 0.048
6 0.048
6 0.053
5 0.051
5 0.055
4 0.050
4 0.050
3 0.050
3 0.050
2 0.049
2 0.049
1 0.045
1 0.046
2 0.046
2 0.043
3 0.046
3 0.046
4 0.049
4 0.049
5 0.049
5 0.048
6 0.049
6 0.048
7 0.048
7 0.050
8 0.050
8 0.050
7 0.049
7 0.050
6 0.054
6 0.057
5 0.051
5 0.050
4 0.048
4 0.049
3 0.048
3 0.048
2 0.051
2 0.047
3 0.047
3 0.047
4 0.052
4 0.052
5 0.050
5 0.050
6 0.049
6 0.051
7 0.051
7 0.050
6 0.049
6 0.048
5 0.049
5 0.049
4 0.048
4 0.048
3 0.048
3 0.048
2 0.045
2 0.046
1 0.046
1 0.045
0 0.015
0 0.045
2 0.046
2 0.046
3 0.048
3 0.047
4 0.049
4 0.050
6 0.049
6 0.049
7 0.049
7 0.050
8 0.051
8 0.050
7 0.051
7 0.050
5 0.056
5 0.052
4 0.049
4 0.049
3 0.048
3 0.048
4 0.051
4 0.053
5 0.052
5 0.051
6 0.053
6 0.052
7 0.056
7 0.054
8 0.054
8 0.053
9 0.053
9 0.053
10 0.055
10 0.055
9 0.053
9 0.055
8 0.053
8 0.053
7 0.054
7 0.053
6 0.052
6 0.053
5 0.053
5 0.052
4 0.052
4 0.052
3 0.050
3 0.051
1 0.046
1 0.045
2 0.044
2 0.042
3 0.041
3 0.045
4 0.048
4 0.047
5 0.047
5 0.046
6 0.052
6 0.049
7 0.048
7 0.049
8 0.046
8 0.047
7 0.046
7 0.049
6 0.049
6 0.049
5 0.048
5 0.050
4 0.046
4 0.042
3 0.043
3 0.043
2 0.041
2 0.045
3 0.045
3 0.045
4 0.048
4 0.050
5 0.048
5 0.048
6 0.056
6 0.049
7 0.049
7 0.870
6 0.100
6 0.046
5 0.047
5 0.045
4 0.046
4 0.047
3 0.046
3 0.047
2 0.038
2 0.045
1 0.043
1 0.044
0 0.044
0 0.015
2 0.042
2 0.046
3 0.040
3 0.041
4 0.049
4 0.043
6 0.046
6 0.047
7 0.047
7 0.048
8 0.049
8 0.049
7 0.049
7 0.042
5 0.048
5 0.050
4 0.047
4 0.047
3 0.047
3 0.046
4 0.050
4 0.051
5 0.049
5 0.049
6 0.051
6 0.052
7 0.055
7 0.049
8 0.052
8 0.052
9 0.052
9 0.048
10 0.618
10 0.052
9 0.052
9 0.048
8 0.052
8 0.049
7 0.051
7 0.051
6 0.052
6 0.051
5 0.050
5 0.051
4 0.048
4 0.044
3 0.046
3 0.048
3 0.044
3 0.044
2 0.046
2 0.046
3 0.046
3 0.046
4 0.048
4 0.048
5 0.047
5 0.048
6 0.049
6 0.049
7 0.049
7 0.049
8 0.050
8 0.052
7 0.052
7 0.050
6 0.050
6 0.052
5 0.051
5 0.053
4 0.048
4 0.048
3 0.048
3 0.047
2 0.047
2 0.050
3 0.048
3 0.046
4 0.053
4 0.052
5 0.053
5 0.050
6 0.051
6 0.052
7 0.051
7 0.050
6 0.049
6 0.050
5 0.049
5 0.049
4 0.050
4 0.049
3 0.049
3 0.049
2 0.047
2 0.044
1 0.046
1 0.045
2 0.046
2 0.047
0 0.017
0 0.045
1 0.045
1 0.045
2 0.047
2 0.048
4 0.048
4 0.048
5 0.048
5 0.050
6 0.049
6 0.049
5 0.049
5 0.049
3 0.051
3 0.051
2 0.047
2 0.047
1 0.047
1 0.046
2 0.046
2 0.047
3 0.048
3 0.047
4 0.051
4 0.051
5 0.051
5 0.050
6 0.050
6 0.049
7 0.050
7 0.050
8 0.050
8 0.050
7 0.067
7 0.049
6 0.050
6 0.049
5 0.050
5 0.049
4 0.051
4 0.052
3 0.048
3 0.049
2 0.047
2 0.047
1 0.046
1 0.047
3 0.046
3 0.044
2 0.044
2 0.046
3 0.045
3 0.046
4 0.044
4 0.046
5 0.048
5 0.049
6 0.049
6 0.048
7 0.048
7 0.049
8 0.049
8 0.047
7 0.047
7 0.048
6 0.051
6 0.047
5 0.051
5 0.051
4 0.047
4 0.045
3 0.045
3 0.046
2 0.045
2 0.044
3 0.042
3 0.045
4 0.051
4 0.046
5 0.047
5 0.049
6 0.046
6 0.046
7 0.045
7 0.044
6 0.045
6 0.047
5 0.047
5 0.047
4 0.048
4 0.048
3 0.048
3 0.047
2 0.039
2 0.046
1 0.045
1 0.045
2 0.046
2 0.040
0 0.038
0 0.015
1 0.044
1 0.043
2 0.046
2 0.047
4 0.047
4 0.047
5 0.045
5 0.047
6 0.046
6 0.043
5 0.047
5 0.049
3 0.049
3 0.050
2 0.044
2 0.044
1 0.045
1 0.041
2 0.046
2 0.046
3 0.046
3 0.047
4 0.050
4 0.050
5 0.049
5 0.049
6 0.046
6 0.047
7 0.048
7 0.043
8 0.048
8 0.049
7 0.048
7 0.048
6 0.047
6 0.048
5 0.044
5 0.047
4 0.055
4 0.051
3 0.046
3 0.045
2 0.039
2 0.043
1 0.043
1 0.043
4 0.045
4 0.046
3 0.046
3 0.046
2 0.045
2 0.046
3 0.050
3 0.048
4 0.047
4 0.049
5 0.051
5 0.049
6 0.049
6 0.047
7 0.055
7 0.057
6 0.052
6 0.053
5 0.052
5 0.055
4 0.053
4 0.054
3 0.049
3 0.048
4 0.049
4 0.048
3 0.047
3 0.046
2 0.046
2 0.046
3 0.053
3 0.053
4 0.052
4 0.051
5 0.055
5 0.052
6 0.052
6 0.052
5 0.048
5 0.049
4 0.048
4 0.048
3 0.048
3 0.048
2 0.048
2 0.048
1 0.046
1 0.047
2 0.047
2 0.046
3 0.047
3 0.046
1 0.046
1 0.046
0 0.017
0 0.044
1 0.047
1 0.047
3 0.048
3 0.048
4 0.048
4 0.048
5 0.051
5 0.053
4 0.051
4 0.050
2 0.053
2 0.053
1 0.046
1 0.046
2 0.047
2 0.046
3 0.048
3 0.047
2 0.046
2 0.045
3 0.053
3 0.053
4 0.052
4 0.052
5 0.051
5 0.051
6 0.051
6 0.051
7 0.052
7 0.052
6 0.048
6 0.049
5 0.049
5 0.049
4 0.048
4 0.050
3 0.050
3 0.049
2 0.048
2 0.048
1 0.046
1 0.047
2 0.046
2 0.047
4 0.047
4 0.046
3 0.047
3 0.042
2 0.046
2 0.046
3 0.050
3 0.048
4 0.048
4 0.049
5 0.045
5 0.046
6 0.050
6 0.050
7 0.050
7 0.048
6 0.053
6 0.053
5 0.050
5 0.046
4 0.052
4 0.052
3 0.047
3 0.047
4 0.046
4 0.049
3 0.044
3 0.046
2 0.045
2 0.049
3 0.051
3 0.052
4 0.053
4 0.051
5 0.051
5 0.050
6 0.051
6 0.048
5 0.048
5 0.048
4 0.048
4 0.047
3 0.048
3 0.047
2 0.048
2 0.049
1 0.043
1 0.046
2 0.046
2 0.047
3 0.046
3 0.045
1 0.045
1 0.043
0 0.044
0 0.015
1 0.046
1 0.046
3 0.044
3 0.045
4 0.047
4 0.046
5 0.048
5 0.049
4 0.051
4 0.049
2 0.052
2 0.052
1 0.044
1 0.045
2 0.044
2 0.042
3 0.046
3 0.046
2 0.045
2 0.046
3 0.052
3 0.051
4 0.045
4 0.050
5 0.051
5 0.050
6 0.051
6 0.049
7 0.051
7 0.052
6 0.049
6 0.047
5 0.045
5 0.047
4 0.048
4 0.048
3 0.050
3 0.051
2 0.044
2 0.047
1 0.046
1 0.045
2 0.046
2 0.045
5 0.048
5 0.047
4 0.046
4 0.048
3 0.047
3 0.048
2 0.048
2 0.057
3 0.048
3 0.049
4 0.047
4 0.047
5 0.044
5 0.050
6 0.048
6 0.046
5 0.049
5 0.049
4 0.050
4 0.052
3 0.048
3 0.049
4 0.049
4 0.054
5 0.050
5 0.048
4 0.046
4 0.049
3 0.051
3 0.052
2 0.049
2 0.049
3 0.049
3 0.211
4 0.047
4 0.048
5 0.046
5 0.047
4 0.046
4 0.049
3 0.049
3 0.048
2 0.046
2 0.050
1 0.046
1 0.048
2 0.047
2 0.047
3 0.052
3 0.049
4 0.043
4 0.048
2 0.044
2 0.041
1 0.038
1 0.038
0 0.016
0 0.044
2 0.048
2 0.047
3 0.045
3 0.047
4 0.050
4 0.053
3 0.048
3 0.050
1 0.048
1 0.044
2 0.052
2 0.048
3 0.045
3 0.049
4 0.053
4 0.057
3 0.049
3 0.051
2 0.051
2 0.053
3 0.051
3 0.054
4 0.053
4 0.054
5 0.053
5 0.052
6 0.051
6 0.054
5 0.050
5 0.049
4 0.048
4 0.049
3 0.049
3 0.049
2 0.049
2 0.049
1 0.048
1 0.047
2 0.046
2 0.045
3 0.047
3 0.046
5 0.049
5 0.046
4 0.044
4 0.048
3 0.042
3 0.046
2 0.050
2 0.046
3 0.051
3 0.049
4 0.050
4 0.051
5 0.050
5 0.050
6 0.051
6 0.051
5 0.051
5 0.051
4 0.050
4 0.045
3 0.046
3 0.050
4 0.051
4 0.053
5 0.051
5 0.051
4 0.050
4 0.050
3 0.051
3 0.052
2 0.048
2 0.049
3 0.050
3 0.052
4 0.053
4 0.053
5 0.047
5 0.049
4 0.048
4 0.049
3 0.047
3 0.049
2 0.049
2 0.049
1 0.048
1 0.047
2 0.041
2 0.044
3 0.046
3 0.046
4 0.053
4 0.049
2 0.047
2 0.048
1 0.047
1 0.044
0 0.046
0 0.016
2 0.049
2 0.049
3 0.049
3 0.049
4 0.050
4 0.050
3 0.050
3 0.048
1 0.047
1 0.049
2 0.052
2 0.050
3 0.050
3 0.050
4 0.053
4 0.054
3 0.054
3 0.053
2 0.054
2 0.053
3 0.059
3 0.055
4 0.055
4 0.055
5 0.058
5 0.050
6 0.054
6 0.060
5 0.050
5 0.050
4 0.049
4 0.049
3 0.049
3 0.050
2 0.053
2 0.049
1 0.050
1 0.050
2 0.048
2 0.048
3 0.048
3 0.047
7 0.055
7 0.044
6 0.049
6 0.048
5 0.046
5 0.046
4 0.050
4 0.045
3 0.050
3 0.044
2 0.048
2 0.049
3 0.049
3 0.049
4 0.047
4 0.047
3 0.047
3 0.051
4 0.051
4 0.049
5 0.046
5 0.049
6 0.048
6 0.049
7 0.048
7 0.050
6 0.048
6 0.046
5 0.050
5 0.051
4 0.049
4 0.049
3 0.048
3 0.046
2 0.045
2 0.045
3 0.047
3 0.605
2 0.048
2 0.049
1 0.048
1 0.050
2 0.048
2 0.049
3 0.049
3 0.046
4 0.044
4 0.041
5 0.042
5 0.045
6 0.041
6 0.045
4 0.043
4 0.041
3 0.039
3 0.047
2 0.044
2 0.049
0 0.016
0 0.048
1 0.048
1 0.049
2 0.048
2 0.050
1 0.046
1 0.047
3 0.048
3 0.050
4 0.051
4 0.050
5 0.049
5 0.049
6 0.048
6 0.048
5 0.051
5 0.051
4 0.050
4 0.050
3 0.068
3 0.051
2 0.047
2 0.047
3 0.049
3 0.251
4 0.044
4 0.045
3 0.045
3 0.047
2 0.049
2 0.048
1 0.049
1 0.049
2 0.050
2 0.049
3 0.049
3 0.053
4 0.049
4 0.044
5 0.048
5 0.049
7 0.049
7 0.047
6 0.041
6 0.046
5 0.043
5 0.048
4 0.054
4 0.050
3 0.047
3 0.042
2 0.047
2 0.047
3 0.050
3 0.049
4 0.051
4 0.049
3 0.048
3 0.050
4 0.052
4 0.052
5 0.043
5 0.049
6 0.051
6 0.051
7 0.046
7 0.047
6 0.044
6 0.041
5 0.045
5 0.046
4 0.046
4 0.048
3 0.042
3 0.043
2 0.048
2 0.045
3 0.050
3 0.049
2 0.043
2 0.049
1 0.050
1 0.049
2 0.049
2 0.049
3 0.049
3 0.043
4 0.042
4 0.046
5 0.044
5 0.047
6 0.044
6 0.042
4 0.043
4 0.046
3 0.045
3 0.046
2 0.046
2 0.047
0 0.048
0 0.016
1 0.048
1 0.050
2 0.045
2 0.042
1 0.049
1 0.048
3 0.050
3 0.048
4 0.047
4 0.051
5 0.048
5 0.048
6 0.048
6 0.051
5 0.050
5 0.049
4 0.049
4 0.047
3 0.048
3 0.047
2 0.049
2 0.046
3 0.101
3 0.050
4 0.049
4 0.047
3 0.048
3 0.047
2 0.049
2 0.048
1 0.048
1 0.049
2 0.045
2 0.047
3 0.044
3 0.044
4 0.046
4 0.045
5 0.045
5 0.043
8 0.044
8 0.046
7 0.046
7 0.049
6 0.044
6 0.047
5 0.050
5 0.051
4 0.045
4 0.048
3 0.050
3 0.051
2 0.045
2 0.050
3 0.052
3 0.051
4 0.054
4 0.051
5 0.053
5 0.051
6 0.082
6 0.053
7 0.050
7 0.053
8 0.051
8 0.050
7 0.050
7 0.048
6 0.052
6 0.048
5 0.054
5 0.049
4 0.050
4 0.049
3 0.046
3 0.050
2 0.050
2 0.048
1 0.047
1 0.048
2 0.051
2 0.049
3 0.049
3 0.049
4 0.048
4 0.046
5 0.049
5 0.048
6 0.045
6 0.046
7 0.046
7 0.045
5 0.040
5 0.042
4 0.041
4 0.039
3 0.048
3 0.046
1 0.049
1 0.048
0 0.016
0 0.046
1 0.046
1 0.048
2 0.047
2 0.045
4 0.050
4 0.046
5 0.050
5 0.047
6 0.048
6 0.049
7 0.049
7 0.049
6 0.050
6 0.050
5 0.048
5 0.050
4 0.052
4 0.050
3 0.050
3 0.048
2 0.048
2 0.048
3 0.050
3 0.049
2 0.048
2 0.056
1 0.047
1 0.048
2 0.049
2 0.050
3 0.048
3 0.058
4 0.049
4 0.053
5 0.045
5 0.048
6 0.049
6 0.046
8 0.052
8 0.049
7 0.049
7 0.049
6 0.048
6 0.049
5 0.047
5 0.050
4 0.050
4 0.049
3 0.046
3 0.050
2 0.049
2 0.050
3 0.049
3 0.051
4 0.052
4 0.051
5 0.056
5 0.050
6 0.051
6 0.050
7 0.049
7 0.052
8 0.050
8 0.046
7 0.047
7 0.048
6 0.050
6 0.051
5 0.046
5 0.049
4 0.053
4 0.052
3 0.046
3 0.048
2 0.047
2 0.046
1 0.047
1 0.048
2 0.047
2 0.048
3 0.049
3 0.046
4 0.048
4 0.045
5 0.044
5 0.048
6 0.046
6 0.046
7 0.049
7 0.043
5 0.048
5 0.044
4 0.044
4 0.045
3 0.050
3 0.046
1 0.046
1 0.045
0 0.046
0 0.016
1 0.045
1 0.049
2 0.050
2 0.050
4 0.047
4 0.050
5 0.051
5 0.051
6 0.049
6 0.048
7 0.050
7 0.049
6 0.051
6 0.051
5 0.050
5 0.051
4 0.053
4 0.052
3 0.051
3 0.051
2 0.047
2 0.050
3 0.050
3 0.051
2 0.049
2 0.050
1 0.050
1 0.049
2 0.049
2 0.050
3 0.054
3 0.052
4 0.049
4 0.051
5 0.047
5 0.049
6 0.049
6 0.049
9 0.048
9 0.048
8 0.048
8 0.047
7 0.051
7 0.052
6 0.051
6 0.048
5 0.114
5 0.057
4 0.051
4 0.051
3 0.049
3 0.051
2 0.049
2 0.048
3 0.050
3 0.050
4 0.050
4 0.050
5 0.046
5 0.050
6 0.048
6 0.049
7 0.048
7 0.049
6 0.048
6 0.048
5 0.048
5 0.047
4 0.046
4 0.046
3 0.050
3 0.049
2 0.050
2 0.049
1 0.048
1 0.049
2 0.049
2 0.049
3 0.052
3 0.048
4 0.055
4 0.053
5 0.049
5 0.048
6 0.045
6 0.048
7 0.046
7 0.042
8 0.043
8 0.048
6 0.043
6 0.042
5 0.044
5 0.044
4 0.042
4 0.050
2 0.050
2 0.050
1 0.049
1 0.044
0 0.016
0 0.047
1 0.048
1 0.049
3 0.049
3 0.049
4 0.048
4 0.046
5 0.047
5 0.048
6 0.044
6 0.049
5 0.048
5 0.047
4 0.050
4 0.049
3 0.050
3 0.052
2 0.048
2 0.049
1 0.049
1 0.048
2 0.099
2 0.047
3 0.048
3 0.050
2 0.049
2 0.050
3 0.049
3 0.050
4 0.071
4 0.060
5 0.051
5 0.055
6 0.050
6 0.042
7 0.041
7 0.044
9 0.050
9 0.050
8 0.048
8 0.050
7 0.048
7 0.045
6 0.051
6 0.052
5 0.055
5 0.049
4 0.051
4 0.051
3 0.048
3 0.047
2 0.048
2 0.047
3 0.051
3 0.050
4 0.049
4 0.051
5 0.049
5 0.048
6 0.049
6 0.048
7 0.049
7 0.049
6 0.049
6 0.049
5 0.048
5 0.049
4 0.050
4 0.049
3 0.052
3 0.052
2 0.049
2 0.049
1 0.050
1 0.049
2 0.050
2 0.048
3 0.051
3 0.052
4 0.058
4 0.053
5 0.047
5 0.049
6 0.048
6 0.048
7 0.046
7 0.049
8 0.045
8 0.042
6 0.044
6 0.043
5 0.047
5 0.049
4 0.045
4 0.047
2 0.050
2 0.046
1 0.043
1 0.048
0 0.044
0 0.016
1 0.050
1 0.046
3 0.047
3 0.041
4 0.047
4 0.041
5 0.040
5 0.044
6 0.042
6 0.044
5 0.047
5 0.045
4 0.050
4 0.050
3 0.049
3 0.050
2 0.050
2 0.048
1 0.047
1 0.049
2 0.386
2 0.046
3 0.045
3 0.045
2 0.047
2 0.049
3 0.051
3 0.048
4 0.058
4 0.054
5 0.051
5 0.050
6 0.051
6 0.051
7 0.050
7 0.049
8 0.047
8 0.051
7 0.044
7 0.043
6 0.049
6 0.045
5 0.050
5 0.050
4 0.051
4 0.048
3 0.046
3 0.043
4 0.048
4 0.050
3 0.048
3 0.047
2 0.050
2 0.046
3 0.055
3 0.048
4 0.050
4 0.048
5 0.045
5 0.048
6 0.049
6 0.049
5 0.046
5 0.047
4 0.045
4 0.052
3 0.046
3 0.043
2 0.050
2 0.050
1 0.049
1 0.048
2 0.048
2 0.045
3 0.047
3 0.046
2 0.051
2 0.049
3 0.055
3 0.051
4 0.050
4 0.049
5 0.045
5 0.050
6 0.043
6 0.043
7 0.043
7 0.056
5 0.041
5 0.040
4 0.050
4 0.042
3 0.042
3 0.050
1 0.049
1 0.049
2 0.051
2 0.050
1 0.042
1 0.040
0 0.016
0 0.048
2 0.049
2 0.049
3 0.046
3 0.044
4 0.045
4 0.040
5 0.040
5 0.042
4 0.048
4 0.049
3 0.050
3 0.046
2 0.048
2 0.051
1 0.048
1 0.048
2 0.048
2 0.050
3 0.626
3 0.046
4 0.050
4 0.047
3 0.050
3 0.048
2 0.049
2 0.048
3 0.179
3 0.057
4 0.050
4 0.046
5 0.047
5 0.047
6 0.048
6 0.048
8 0.048
8 0.050
7 0.049
7 0.049
6 0.050
6 0.050
5 0.050
5 0.049
4 0.056
4 0.046
3 0.049
3 0.053
4 0.049
4 0.049
3 0.050
3 0.046
2 0.051
2 0.049
3 0.052
3 0.049
4 0.050
4 0.050
5 0.047
5 0.048
6 0.046
6 0.049
5 0.048
5 0.045
4 0.049
4 0.047
3 0.049
3 0.049
2 0.048
2 0.045
1 0.048
1 0.047
2 0.048
2 0.047
3 0.050
3 0.048
2 0.050
2 0.049
3 0.049
3 0.050
4 0.048
4 0.045
5 0.043
5 0.051
6 0.042
6 0.045
7 0.045
7 0.043
5 0.040
5 0.046
4 0.051
4 0.050
3 0.049
3 0.050
1 0.049
1 0.048
2 0.050
2 0.048
1 0.049
1 0.049
0 0.049
0 0.017
2 0.049
2 0.047
3 0.047
3 0.046
4 0.047
4 0.048
5 0.048
5 0.054
4 0.048
4 0.050
3 0.050
3 0.049
2 0.050
2 0.049
1 0.050
1 0.050
2 0.051
2 0.049
3 0.050
3 0.049
4 0.049
4 0.051
3 0.046
3 0.050
2 0.051
2 0.047
3 0.056
3 0.058
4 0.050
4 0.050
5 0.050
5 0.050
6 0.049
6 0.050
6 0.049
6 0.050
5 0.050
5 0.050
4 0.052
4 0.051
3 0.049
3 0.046
4 0.054
4 0.056
5 0.051
5 0.050
6 0.051
6 0.049
5 0.050
5 0.050
4 0.050
4 0.049
3 0.049
3 0.050
2 0.047
2 0.045
3 0.049
3 0.045
4 0.047
4 0.048
3 0.048
3 0.046
2 0.046
2 0.048
1 0.049
1 0.048
2 0.049
2 0.047
3 0.049
3 0.050
4 0.046
4 1.412
5 0.051
5 0.050
4 0.052
4 0.050
3 0.053
3 0.054
2 0.050
2 0.043
3 0.051
3 0.049
4 0.045
4 0.049
5 0.051
5 0.045
3 0.045
3 0.043
2 0.047
2 0.053
1 0.050
1 0.048
3 0.049
3 0.051
4 0.051
4 0.051
3 0.049
3 0.050
2 0.045
2 0.048
0 0.016
0 0.049
1 0.046
1 0.047
2 0.047
2 0.048
3 0.050
3 0.048
2 0.045
2 0.045
1 0.047
1 0.047
2 0.050
2 0.050
3 0.049
3 0.046
4 0.049
4 0.049
5 0.050
5 0.050
6 0.050
6 0.051
5 0.051
5 0.050
4 0.050
4 0.050
3 0.056
3 0.051
2 0.050
2 0.047
3 0.049
3 0.049
4 0.048
4 0.049
6 0.051
6 0.050
5 0.049
5 0.050
4 0.048
4 0.053
3 0.050
3 0.050
4 0.051
4 0.053
5 0.052
5 0.049
6 0.050
6 0.051
5 0.046
5 0.048
4 0.046
4 0.050
3 0.047
3 0.048
2 0.049
2 0.049
3 0.048
3 0.048
4 0.047
4 0.048
3 0.049
3 0.048
2 0.048
2 0.047
1 0.050
1 0.049
2 0.050
2 0.049
3 0.050
3 0.045
4 0.044
4 0.048
5 0.051
5 0.050
4 0.052
4 0.050
3 0.056
3 0.054
2 0.047
2 0.049
3 0.047
3 0.050
4 0.048
4 0.047
5 0.046
5 0.045
3 0.042
3 0.048
2 0.052
2 0.050
1 0.046
1 0.049
3 0.046
3 0.048
4 0.050
4 0.050
3 0.045
3 0.042
2 0.043
2 0.049
0 0.046
0 0.016
1 0.048
1 0.042
2 0.045
2 0.041
3 0.043
3 0.041
2 0.048
2 0.047
1 0.049
1 0.049
2 0.049
2 0.051
3 0.050
3 0.050
4 0.050
4 0.053
5 0.190
5 0.050
6 0.047
6 0.048
5 0.045
5 0.048
4 0.049
4 0.050
3 0.056
3 0.052
2 0.049
2 0.050
3 0.053
3 0.053
4 0.050
4 0.051
5 0.042
5 0.046
4 0.046
4 0.046
3 0.045
3 0.046
4 0.052
4 0.051
5 0.054
5 0.059
6 0.051
6 0.051
7 0.051
7 0.051
6 0.049
6 0.048
5 0.049
5 0.048
4 0.048
4 0.049
3 0.048
3 0.048
2 0.044
2 0.046
3 0.046
3 0.045
2 0.046
2 0.046
1 0.046
1 0.046
2 0.046
2 0.048
3 0.050
3 0.049
4 0.048
4 0.051
5 0.048
5 0.049
6 0.051
6 0.051
5 0.052
5 0.052
4 0.054
4 0.055
3 0.053
3 0.053
2 0.047
2 0.048
3 0.047
3 0.048
4 0.047
4 0.048
2 0.048
2 0.047
1 0.046
1 0.046
2 0.052
2 0.051
4 0.051
4 0.051
5 0.051
5 0.051
4 0.046
4 0.049
3 0.048
3 0.047
1 0.047
1 0.047
0 0.015
0 0.045
1 0.045
1 0.046
2 0.047
2 0.046
1 0.045
1 0.045
2 0.046
2 0.047
3 0.048
3 0.051
4 0.049
4 0.050
5 0.048
5 0.049
6 0.049
6 0.049
7 0.051
7 0.052
6 0.052
6 0.052
5 0.456
5 0.051
4 0.059
4 0.052
3 0.053
3 0.053
2 0.047
2 0.047
3 0.047
3 0.049
5 0.046
5 0.045
4 0.048
4 0.046
3 0.042
3 0.045
4 0.048
4 0.046
5 0.051
5 0.053
6 0.051
6 0.052
7 0.051
7 0.051
6 0.048
6 0.047
5 0.049
5 0.049
4 0.050
4 0.049
3 0.048
3 0.047
2 0.046
2 0.046
3 0.044
3 0.045
2 0.042
2 0.043
1 0.042
1 0.045
2 0.048
2 0.046
3 0.047
3 0.044
4 0.049
4 0.048
5 0.047
5 0.046
6 0.050
6 0.051
5 0.050
5 0.050
4 0.056
4 0.055
3 0.052
3 0.052
2 0.045
2 0.045
3 0.046
3 0.046
4 0.047
4 0.047
2 0.047
2 0.047
1 0.045
1 0.045
2 0.052
2 0.048
4 0.051
4 0.050
5 0.051
5 0.047
4 0.046
4 0.048
3 0.047
3 0.047
1 0.045
1 0.047
0 0.043
0 0.016
1 0.042
1 0.044
2 0.044
2 0.045
1 0.044
1 0.044
2 0.045
2 0.046
3 0.047
3 0.046
4 0.051
4 0.048
5 0.045
5 0.048
6 0.049
6 0.048
7 0.054
7 0.050
6 0.051
6 0.049
5 0.048
5 0.468
4 0.053
4 0.063
3 0.053
3 0.052
2 0.045
2 0.046
3 0.047
3 0.047
4 0.047
4 0.047
3 0.047
3 0.047
4 0.047
4 0.047
5 0.050
5 0.051
6 0.051
6 0.051
7 0.051
7 0.050
8 0.052
8 0.050
7 0.049
7 0.049
6 0.049
6 0.049
5 0.051
5 0.050
4 0.050
4 0.047
3 0.047
3 0.047
2 0.046
2 0.048
1 0.048
1 0.047
2 0.047
2 0.047
3 0.049
3 0.049
4 0.050
4 0.049
5 0.052
5 0.052
6 0.049
6 0.050
7 0.050
7 0.051
6 0.050
6 0.050
5 0.060
5 0.051
4 0.051
4 0.050
3 0.048
3 0.049
2 0.048
2 0.046
3 0.049
3 0.049
1 0.047
1 0.046
2 0.047
2 0.048
3 0.058
3 0.051
5 0.049
5 0.050
6 0.050
6 0.050
5 0.052
5 0.047
4 0.047
4 0.048
2 0.047
2 0.048
1 0.046
1 0.046
0 0.015
0 0.046
1 0.045
1 0.046
2 0.046
2 0.047
3 0.049
3 0.048
4 0.048
4 0.050
5 0.050
5 0.049
6 0.049
6 0.049
7 0.050
7 0.050
8 0.049
8 0.051
7 0.050
7 0.050
6 0.050
6 0.050
5 0.051
5 0.051
4 0.051
4 0.051
3 0.048
3 0.048
2 0.047
2 0.047
4 0.047
4 0.044
3 0.044
3 0.047
4 0.046
4 0.045
5 0.050
5 0.051
6 0.049
6 0.048
7 0.046
7 0.050
8 0.052
8 0.049
7 0.049
7 0.049
6 0.049
6 0.048
5 0.052
5 0.049
4 0.049
4 0.047
3 0.047
3 0.046
2 0.046
2 0.046
1 0.045
1 0.045
2 0.048
2 0.046
3 0.048
3 0.048
4 0.049
4 0.049
5 0.050
5 0.048
6 0.048
6 0.048
7 0.051
7 0.050
6 0.050
6 0.049
5 0.052
5 0.054
4 0.050
4 0.051
3 0.047
3 0.047
2 0.048
2 0.047
3 0.048
3 0.048
1 0.046
1 0.046
2 0.046
2 0.047
3 0.051
3 0.051
5 0.049
5 0.049
6 0.050
6 0.051
5 0.049
5 0.048
4 0.047
4 0.047
2 0.048
2 0.047
1 0.044
1 0.044
0 0.045
0 0.015
1 0.046
1 0.046
2 0.046
2 0.047
3 0.048
3 0.048
4 0.049
4 0.050
5 0.049
5 0.049
6 0.049
6 0.055
7 0.050
7 0.048
8 0.050
8 0.052
7 0.051
7 0.051
6 0.048
6 0.050
5 0.052
5 0.063
4 0.051
4 0.052
3 0.047
3 0.048
2 0.047
2 0.047
5 0.051
5 0.049
4 0.047
4 0.050
5 0.047
5 0.049
6 0.056
6 0.052
7 0.051
7 0.051
8 0.053
8 0.063
9 0.055
9 0.052
8 0.052
8 0.051
7 0.054
7 0.052
6 0.048
6 0.053
5 0.048
5 0.050
4 0.047
4 0.050
3 0.047
3 0.049
2 0.044
2 0.048
3 0.049
3 0.048
4 0.048
4 0.049
5 0.051
5 0.049
6 0.052
6 0.056
7 0.052
7 0.051
8 0.052
8 0.053
7 0.056
7 0.052
6 0.053
6 0.054
5 0.055
5 0.057
4 0.050
4 0.051
3 0.051
3 0.052
4 0.051
4 0.052
2 0.047
2 0.046
3 0.047
3 0.046
4 0.053
4 0.056
6 0.049
6 0.049
7 0.067
7 0.049
6 0.049
6 0.050
5 0.048
5 0.048
3 0.048
3 0.048
2 0.046
2 0.046
1 0.046
1 0.045
0 0.016
0 0.044
1 0.045
1 0.044
2 0.048
2 0.047
3 0.046
3 0.047
4 0.047
4 0.047
5 0.047
5 0.048
6 0.047
6 0.052
7 0.048
7 0.050
6 0.048
6 0.050
5 0.049
5 0.049
4 0.048
4 0.049
3 0.051
3 0.053
2 0.046
2 0.047
1 0.044
1 0.045
5 0.051
5 0.050
4 0.049
4 0.050
5 0.050
5 0.050
6 0.056
6 0.055
7 0.052
7 0.053
8 0.052
8 0.052
9 0.052
9 0.054
8 0.052
8 0.052
7 0.052
7 0.051
6 0.056
6 0.051
5 0.048
5 0.053
4 0.047
4 0.048
3 0.046
3 0.049
2 0.046
2 0.049
3 0.049
3 0.050
4 0.045
4 0.051
5 0.052
5 0.050
6 0.052
6 0.053
7 0.051
7 0.048
8 0.054
8 0.053
7 0.052
7 0.053
6 0.052
6 0.053
5 0.053
5 0.053
4 0.051
4 0.051
3 0.049
3 0.050
4 0.049
4 0.051
2 0.047
2 0.046
3 0.046
3 0.044
4 0.051
4 0.053
6 0.049
6 0.048
7 0.048
7 0.048
6 0.046
6 0.045
5 0.049
5 0.047
3 0.047
3 0.043
2 0.046
2 0.043
1 0.046
1 0.046
0 0.044
0 0.016
1 0.043
1 0.044
2 0.046
2 0.046
3 0.046
3 0.046
4 0.046
4 0.047
5 0.047
5 0.047
6 0.048
6 0.045
7 0.049
7 0.048
6 0.049
6 0.049
5 0.049
5 0.048
4 0.046
4 0.048
3 0.052
3 0.051
2 0.046
2 0.046
1 0.046
1 0.045
6 0.047
6 0.050
5 0.051
5 0.049
4 0.050
4 0.048
5 0.058
5 0.056
6 0.054
6 0.054
7 0.054
7 0.055
8 0.054
8 0.053
7 0.052
7 0.053
6 0.053
6 0.052
5 0.052
5 0.053
4 0.052
4 0.052
3 0.051
3 0.051
4 0.053
4 0.050
3 0.049
3 0.050
2 0.051
2 0.050
3 0.052
3 0.054
4 0.055
4 0.052
5 0.053
5 0.056
6 0.052
6 0.053
7 0.053
7 0.052
6 0.054
6 0.053
5 0.054
5 0.053
4 0.058
4 0.056
3 0.051
3 0.053
4 0.051
4 0.051
5 0.051
5 0.052
3 0.048
3 0.047
2 0.046
2 0.047
3 0.061
3 0.054
5 0.052
5 0.052
6 0.052
6 0.052
5 0.049
5 0.050
4 0.049
4 0.050
2 0.048
2 0.049
1 0.046
1 0.046
2 0.047
2 0.046
1 0.045
1 0.045
0 0.015
0 0.046
1 0.047
1 0.048
2 0.047
2 0.047
3 0.048
3 0.048
4 0.049
4 0.047
5 0.049
5 0.048
6 0.052
6 0.053
5 0.069
5 0.051
4 0.052
4 0.052
3 0.050
3 0.051
2 0.054
2 0.055
1 0.046
1 0.046
2 0.046
2 0.046
6 0.051
6 0.049
5 0.049
5 0.047
4 0.048
4 0.048
5 0.055
5 0.054
6 0.051
6 0.051
7 0.052
7 0.052
8 0.051
8 0.051
7 0.053
7 0.053
6 0.052
6 0.052
5 0.053
5 0.052
4 0.051
4 0.051
3 0.049
3 0.049
4 0.050
4 0.048
3 0.047
3 0.049
2 0.050
2 0.049
3 0.052
3 0.051
4 0.052
4 0.052
5 0.053
5 0.051
6 0.051
6 0.052
7 0.052
7 0.053
6 0.052
6 0.053
5 0.052
5 0.052
4 0.056
4 0.055
3 0.049
3 0.050
4 0.051
4 0.050
5 0.051
5 0.052
3 0.047
3 0.044
2 0.046
2 0.047
3 0.055
3 0.055
5 0.049
5 0.051
6 0.050
6 0.051
5 0.048
5 0.049
4 0.048
4 0.047
2 0.048
2 0.048
1 0.046
1 0.046
2 0.047
2 0.047
1 0.045
1 0.045
0 0.043
0 0.014
1 0.046
1 0.046
2 0.047
2 0.047
3 0.047
3 0.047
4 0.047
4 0.048
5 0.047
5 0.048
6 0.050
6 0.051
5 0.050
5 0.050
4 0.051
4 0.051
3 0.050
3 0.047
2 0.054
2 0.055
1 0.045
1 0.045
2 0.047
2 0.045
7 0.047
7 0.051
6 0.048
6 0.051
5 0.053
5 0.055
4 0.056
4 0.052
5 0.052
5 0.053
6 0.054
6 0.050
7 0.052
7 0.052
6 0.053
6 0.051
5 0.054
5 0.054
4 0.053
4 0.053
3 0.051
3 0.052
4 0.051
4 0.048
5 0.052
5 0.051
4 0.051
4 0.052
3 0.050
3 0.049
2 0.051
2 0.051
3 0.052
3 0.052
4 0.053
4 0.053
5 0.054
5 0.053
6 0.054
6 0.053
5 0.057
5 0.054
4 0.052
4 0.053
3 0.052
3 0.049
4 0.053
4 0.058
5 0.042
5 0.046
6 0.046
6 0.050
4 0.046
4 0.045
3 0.046
3 0.053
2 0.056
2 0.055
4 0.048
4 0.049
5 0.046
5 0.049
4 0.051
4 0.047
3 0.050
3 0.050
1 0.049
1 0.049
2 0.048
2 0.047
3 0.049
3 0.048
2 0.048
2 0.048
1 0.047
1 0.048
0 0.017
0 0.048
1 0.048
1 0.049
2 0.049
2 0.049
3 0.049
3 0.049
4 0.051
4 0.050
5 0.051
5 0.051
4 0.050
4 0.050
3 0.050
3 0.049
2 0.053
2 0.050
1 0.049
1 0.051
2 0.053
2 0.052
3 0.050
3 0.050
7 0.052
7 0.050
6 0.046
6 0.048
5 0.055
5 0.053
4 0.051
4 0.052
5 0.053
5 0.046
6 0.053
6 0.055
7 0.053
7 0.051
6 0.053
6 0.053
5 0.053
5 0.053
4 0.054
4 0.052
3 0.047
3 0.051
4 0.052
4 0.051
5 0.052
5 0.051
4 0.051
4 0.051
3 0.049
3 0.051
2 0.052
2 0.051
3 0.056
3 0.054
4 0.049
4 0.052
5 0.048
5 0.050
6 0.054
6 0.053
5 0.055
5 0.053
4 0.051
4 0.051
3 0.052
3 0.051
4 0.049
4 0.045
5 0.044
5 0.051
6 0.051
6 0.052
4 0.042
4 0.045
3 0.046
3 0.052
2 0.051
2 0.054
4 0.050
4 0.048
5 0.044
5 0.046
4 0.046
4 0.045
3 0.044
3 0.043
1 0.042
1 0.049
2 0.046
2 0.046
3 0.048
3 0.048
2 0.048
2 0.048
1 0.044
1 0.046
0 0.049
0 0.018
1 0.049
1 0.048
2 0.046
2 0.049
3 0.049
3 0.044
4 0.185
4 0.046
5 0.051
5 0.047
4 0.050
4 0.050
3 0.049
3 0.050
2 0.050
2 0.050
1 0.050
1 0.049
2 0.052
2 0.049
3 0.047
3 0.047
8 0.052
8 0.050
7 0.046
7 0.058
6 0.054
6 0.055
5 0.059
5 0.060
4 0.050
4 0.053
5 0.055
5 0.054
6 0.057
6 0.054
5 0.052
5 0.054
4 0.058
4 0.056
3 0.059
3 0.053
4 0.054
4 0.054
5 0.051
5 0.053
6 0.053
6 0.054
5 0.052
5 0.051
4 0.054
4 0.047
3 0.054
3 0.051
2 0.056
2 0.051
3 0.055
3 0.056
4 0.051
4 0.053
5 0.055
5 0.057
4 0.057
4 0.052
3 0.055
3 0.056
4 0.054
4 0.049
5 0.049
5 0.053
6 0.057
6 0.054
7 0.050
7 0.043
5 0.049
5 0.043
4 0.046
4 0.047
3 0.049
3 0.050
3 0.050
3 0.052
4 0.048
4 0.050
3 0.048
3 0.046
2 0.045
2 0.043
2 0.043
2 0.045
3 0.042
3 0.042
4 0.043
4 0.045
3 0.041
3 0.047
2 0.042
2 0.046
1 0.048
1 0.044
0 0.016
0 0.042
1 0.047
1 0.048
2 0.048
2 0.213
3 0.048
3 0.048
4 0.049
4 0.045
3 0.049
3 0.047
2 0.046
2 0.048
1 0.049
1 0.049
2 0.051
2 0.053
3 0.049
3 0.050
4 0.047
4 0.048
8 0.056
8 0.051
7 0.054
7 0.054
6 0.052
6 0.055
5 0.057
5 0.052
4 0.049
4 0.050
5 0.049
5 0.053
6 0.061
6 0.057
5 0.055
5 0.053
4 0.055
4 0.053
3 0.054
3 0.051
4 0.050
4 0.051
5 0.049
5 0.051
6 0.048
6 0.048
5 0.051
5 0.051
4 0.053
4 0.053
3 0.059
3 0.054
2 0.052
2 0.054
3 0.061
3 0.052
4 0.048
4 0.049
5 0.061
5 0.054
4 0.055
4 0.055
3 0.057
3 0.052
4 0.052
4 0.052
5 0.048
5 0.046
6 0.051
6 0.046
7 0.045
7 0.049
5 0.042
5 0.040
4 0.043
4 0.044
3 0.044
3 0.048
3 0.045
3 0.049
4 0.052
4 0.044
3 0.043
3 0.047
2 0.042
2 0.042
2 0.043
2 0.045
3 0.041
3 0.045
4 0.045
4 0.050
3 0.043
3 0.046
2 0.048
2 0.046
1 0.047
1 0.042
0 0.044
0 0.016
1 0.046
1 0.046
2 0.041
2 0.049
3 0.568
3 0.047
4 0.048
4 0.057
3 0.051
3 0.045
2 0.049
2 0.048
1 0.041
1 0.049
2 0.051
2 0.048
3 0.045
3 0.057
4 0.044
4 0.042
9 0.051
9 0.049
8 0.049
8 0.054
7 0.054
7 0.054
6 0.055
6 0.055
5 0.054
5 0.054
4 0.052
4 0.054
5 0.055
5 0.054
4 0.047
4 0.053
3 0.054
3 0.054
4 0.055
4 0.052
5 0.052
5 0.052
6 0.052
6 0.053
7 0.056
7 0.049
6 0.050
6 0.050
5 0.051
5 0.047
4 0.053
4 0.053
3 0.055
3 0.051
2 0.052
2 0.053
3 0.053
3 0.049
4 0.053
4 0.052
3 0.052
3 0.050
4 0.049
4 0.053
5 0.056
5 0.056
6 0.055
6 0.052
7 0.048
7 0.053
8 0.050
8 0.053
6 0.044
6 0.045
5 0.048
5 0.049
4 0.049
4 0.056
2 0.048
2 0.050
3 0.050
3 0.045
2 0.049
2 0.049
1 0.049
1 0.049
3 0.049
3 0.049
4 0.049
4 0.048
5 0.048
5 0.048
4 0.048
4 0.046
3 0.047
3 0.047
2 0.049
2 0.048
1 0.047
1 0.044
0 0.017
0 0.046
1 0.047
1 0.048
2 0.049
2 0.049
3 0.048
3 0.050
2 0.051
2 0.050
1 0.048
1 0.046
2 0.064
2 0.050
3 0.051
3 0.053
4 0.050
4 0.049
5 0.049
5 0.047
9 0.064
9 0.048
8 0.054
8 0.051
7 0.052
7 0.057
6 0.055
6 0.058
5 0.053
5 0.053
4 0.053
4 0.053
5 0.052
5 0.055
4 0.050
4 0.050
3 0.049
3 0.052
4 0.056
4 0.053
5 0.053
5 0.052
6 0.053
6 0.051
7 0.051
7 0.052
6 0.052
6 0.051
5 0.051
5 0.052
4 0.052
4 0.052
3 0.053
3 0.052
2 0.051
2 0.049
3 0.053
3 1.329
4 0.052
4 0.054
3 0.055
3 0.051
4 0.052
4 0.053
5 0.052
5 0.049
6 0.052
6 0.053
7 0.044
7 0.049
8 0.047
8 0.044
6 0.050
6 0.041
5 0.042
5 0.043
4 0.048
4 0.050
2 0.047
2 0.045
3 0.044
3 0.051
2 0.045
2 0.049
1 0.048
1 0.051
3 0.050
3 0.050
4 0.047
4 0.046
5 0.048
5 0.049
4 0.046
4 0.046
3 0.044
3 0.048
2 0.046
2 0.047
1 0.049
1 0.048
0 0.049
0 0.016
1 0.047
1 0.049
2 0.468
2 0.049
3 0.051
3 0.044
2 0.049
2 0.049
1 0.048
1 0.049
2 0.049
2 0.046
3 0.049
3 0.051
4 0.049
4 0.048
5 0.045
5 0.044
10 0.049
10 0.050
9 0.054
9 0.051
8 0.052
8 0.055
7 0.056
7 0.057
6 0.054
6 0.055
5 0.056
5 0.051
4 0.051
4 0.055
3 0.052
3 0.048
4 0.052
4 0.051
5 0.054
5 0.052
6 0.052
6 0.051
7 0.046
7 0.047
8 0.049
8 0.053
7 0.048
7 0.044
6 0.052
6 0.050
5 0.053
5 0.053
4 0.054
4 0.053
3 0.053
3 0.053
2 0.052
2 0.053
3 0.054
3 0.052
4 0.057
4 0.055
5 0.052
5 0.055
6 0.054
6 0.051
7 0.049
7 0.055
8 0.056
8 0.052
9 0.044
9 0.051
7 0.041
7 0.047
6 0.050
6 0.048
5 0.055
5 0.053
3 0.049
3 0.047
2 0.046
2 0.049
1 0.041
1 0.048
2 0.047
2 0.050
4 0.049
4 0.046
5 0.042
5 0.049
6 0.046
6 0.043
5 0.047
5 0.048
4 0.045
4 0.050
3 0.047
3 0.044
2 0.046
2 0.045
1 0.047
1 0.042
0 0.017
0 0.047
1 0.046
1 0.048
2 0.050
2 0.045
1 0.047
1 0.049
2 0.049
2 0.048
3 0.050
3 0.050
4 0.051
4 0.051
5 0.051
5 0.050
6 0.049
6 0.049
10 0.052
10 0.050
9 0.049
9 0.051
8 0.049
8 0.053
7 0.056
7 0.055
6 0.053
6 0.053
5 0.047
5 0.050
4 0.051
4 0.052
3 0.050
3 0.053
4 0.052
4 0.050
5 0.046
5 0.055
6 0.054
6 0.055
7 0.053
7 0.053
8 0.054
8 0.052
7 0.052
7 0.049
6 0.052
6 0.052
5 0.053
5 0.053
4 0.051
4 0.054
3 0.052
3 0.049
2 0.049
2 0.049
3 0.051
3 0.053
4 0.055
4 0.053
5 0.054
5 0.052
6 0.056
6 0.054
7 0.054
7 0.046
8 0.044
8 0.053
9 0.053
9 0.053
7 0.041
7 0.043
6 0.044
6 0.046
5 0.053
5 0.049
3 0.051
3 0.050
2 0.050
2 0.048
1 0.049
1 0.046
2 0.048
2 0.048
4 0.050
4 0.045
5 0.047
5 0.047
6 0.048
6 0.047
5 0.048
5 0.048
4 0.048
4 0.049
3 0.050
3 0.049
2 0.048
2 0.047
1 0.047
1 0.045
0 0.048
0 0.016
1 0.046
1 0.048
2 0.050
2 0.049
1 0.042
1 0.048
2 0.050
2 0.050
3 0.050
3 0.050
4 0.047
4 0.052
5 0.052
5 0.050
6 0.049
6 0.049
11 0.054
11 0.053
10 0.053
10 0.053
9 0.058
9 0.052
8 0.057
8 0.056
7 0.051
7 0.053
6 0.056
6 0.054
5 0.054
5 0.050
4 0.054
4 0.055
5 0.050
5 0.057
6 0.054
6 0.052
7 0.053
7 0.056
8 0.053
8 0.052
9 0.053
9 0.053
8 0.052
8 0.052
7 0.052
7 0.053
6 0.054
6 0.054
5 0.054
5 0.050
4 0.051
4 0.058
3 0.053
3 0.054
4 0.055
4 0.055
5 0.056
5 0.056
6 0.050
6 0.058
7 0.053
7 0.053
8 0.055
8 0.055
9 0.047
9 0.053
10 0.053
10 0.050
8 0.051
8 0.047
7 0.045
7 0.044
6 0.050
6 0.051
4 0.049
4 0.051
3 0.050
3 0.050
2 0.050
2 0.049
3 0.050
3 0.050
5 0.051
5 0.050
6 0.046
6 0.047
7 0.050
7 0.049
6 0.051
6 0.049
5 0.049
5 0.049
4 0.051
4 0.050
3 0.050
3 0.050
2 0.050
2 0.049
1 0.050
1 0.052
0 0.016
0 0.048
1 0.050
1 0.048
2 0.050
2 0.047
3 0.050
3 0.048
4 0.050
4 0.050
5 0.048
5 0.051
6 0.051
6 0.051
7 0.048
7 0.050
11 0.050
11 0.055
10 0.053
10 0.057
9 0.057
9 0.056
8 0.057
8 0.061
7 0.057
7 0.057
6 0.055
6 0.059
5 0.056
5 0.054
4 0.056
4 0.051
5 0.057
5 0.055
6 0.056
6 0.055
7 0.056
7 0.059
8 0.053
8 0.053
9 0.052
9 0.053
8 0.053
8 0.052
7 0.052
7 0.050
6 0.054
6 0.053
5 0.054
5 0.055
4 0.053
4 0.054
3 0.054
3 0.053
4 0.054
4 0.054
5 0.055
5 0.057
6 0.054
6 0.056
7 0.056
7 0.054
8 0.055
8 0.055
9 0.052
9 0.054
10 0.053
10 0.051
8 0.046
8 0.047
7 0.046
7 0.046
6 0.057
6 0.055
4 0.051
4 0.048
3 0.050
3 0.050
2 0.049
2 0.050
3 0.050
3 0.050
5 0.051
5 0.051
6 0.049
6 0.049
7 0.048
7 0.049
6 0.048
6 0.048
5 0.045
5 0.047
4 0.049
4 0.049
3 0.049
3 0.049
2 0.049
2 0.049
1 0.048
1 0.049
0 0.048
0 0.016
1 0.050
1 0.048
2 0.052
2 0.048
3 0.047
3 0.048
4 0.043
4 0.048
5 0.049
5 0.048
6 0.048
6 0.046
7 0.047
7 0.044
10 0.053
10 0.047
9 0.053
9 0.052
8 0.052
8 0.050
7 0.054
7 0.056
6 0.054
6 0.048
5 0.055
5 0.054
4 0.053
4 0.052
5 0.054
5 0.054
6 0.059
6 0.054
7 0.053
7 0.052
8 0.052
8 0.052
9 0.055
9 0.054
10 0.054
10 0.053
9 0.051
9 0.049
8 0.049
8 0.049
7 0.048
7 0.055
6 0.054
6 0.054
5 0.054
5 0.053
4 0.052
4 0.049
3 0.050
3 0.049
4 0.050
4 0.053
5 0.051
5 0.054
6 0.050
6 0.050
7 0.051
7 0.050
8 0.050
8 0.048
9 0.049
9 0.045
7 0.044
7 0.046
6 0.047
6 0.047
5 0.045
5 0.050
3 0.050
3 0.048
2 0.045
2 0.047
3 0.050
3 0.045
4 0.044
4 0.042
6 0.049
6 0.044
7 0.043
7 0.049
8 0.048
8 0.049
7 0.049
7 0.045
6 0.050
6 0.052
5 0.048
5 0.050
4 0.050
4 0.051
3 0.051
3 0.050
2 0.050
2 0.050
1 0.049
1 0.050
0 0.016
0 0.048
1 0.043
1 0.047
2 0.044
2 0.048
3 0.048
3 0.047
4 0.048
4 0.043
5 0.047
5 0.044
6 0.040
6 0.042
10 0.055
10 0.044
9 0.047
9 0.053
8 0.051
8 0.048
7 0.107
7 0.050
6 0.053
6 0.053
5 0.052
5 0.051
4 0.051
4 0.049
5 0.048
5 0.052
6 0.051
6 0.054
7 0.051
7 0.052
8 0.053
8 0.054
9 0.049
9 0.051
10 0.053
10 0.053
9 0.051
9 0.052
8 0.053
8 0.051
7 0.050
7 0.054
6 0.052
6 0.052
5 0.047
5 0.051
4 0.051
4 0.052
3 0.052
3 0.048
4 0.052
4 0.052
5 0.052
5 0.053
6 0.051
6 0.053
7 0.050
7 0.048
8 0.049
8 0.052
9 0.046
9 0.045
7 0.040
7 0.043
6 0.045
6 0.047
5 0.047
5 0.048
3 0.050
3 0.050
2 0.049
2 0.049
3 0.050
3 0.049
4 0.051
4 0.048
6 0.050
6 0.051
7 0.051
7 0.051
8 0.049
8 0.049
7 0.048
7 0.050
6 0.051
6 0.051
5 0.046
5 0.051
4 0.049
4 0.046
3 0.047
3 0.055
2 0.047
2 0.045
1 0.044
1 0.047
0 0.044
0 0.016
1 0.048
1 0.048
2 0.049
2 0.049
3 0.044
3 0.048
4 0.046
4 0.048
5 0.045
5 0.044
6 0.045
6 0.042
9 0.050
9 0.052
8 0.049
8 0.051
7 0.050
7 0.051
6 0.050
6 0.050
5 0.053
5 0.047
4 0.053
4 0.048
3 0.053
3 0.050
4 0.050
4 0.067
5 0.052
5 0.054
6 0.052
6 0.057
7 0.054
7 0.053
8 0.055
8 0.054
9 0.051
9 0.052
8 0.045
8 0.049
7 0.053
7 0.052
6 0.052
6 0.053
5 0.050
5 0.051
4 0.051
4 0.049
3 0.048
3 0.049
2 0.048
2 0.051
3 0.053
3 0.053
4 0.053
4 0.053
5 0.052
5 0.051
6 0.052
6 0.049
7 0.051
7 0.052
8 0.048
8 0.049
6 0.044
6 0.041
5 0.044
5 0.041
4 0.045
4 0.046
2 0.046
2 0.048
1 0.048
1 0.048
2 0.044
2 0.048
3 0.048
3 0.050
5 0.050
5 0.051
6 0.052
6 0.051
7 0.049
7 0.047
6 0.048
6 0.045
5 0.045
5 0.053
4 0.044
4 0.048
3 0.046
3 0.049
2 0.049
2 0.050
1 0.049
1 0.049
2 0.049
2 0.048
1 0.051
1 0.048
0 0.017
0 0.046
1 0.044
1 0.044
2 0.062
2 0.049
3 0.044
3 0.049
4 0.047
4 0.048
5 0.048
5 0.048
9 0.052
9 0.046
8 0.051
8 0.047
7 0.046
7 0.049
6 0.053
6 0.051
5 0.050
5 0.050
4 0.045
4 0.050
3 0.052
3 0.044
4 0.045
4 0.051
5 0.053
5 0.052
6 0.057
6 0.046
7 0.052
7 0.063
8 0.054
8 0.049
9 0.050
9 0.049
8 0.051
8 0.052
7 0.055
7 0.053
6 0.054
6 0.054
5 0.053
5 0.054
4 0.049
4 0.051
3 0.047
3 0.051
2 0.049
2 0.053
3 0.052
3 0.050
4 0.052
4 0.051
5 0.051
5 0.045
6 0.046
6 0.050
7 0.048
7 0.044
8 0.049
8 0.050
6 0.043
6 0.043
5 0.043
5 0.045
4 0.050
4 0.051
2 0.049
2 0.045
1 0.046
1 0.045
2 0.046
2 0.042
3 0.044
3 0.045
5 0.042
5 0.046
6 0.050
6 0.048
7 0.046
7 0.048
6 0.048
6 0.044
5 0.048
5 0.045
4 0.051
4 0.050
3 0.049
3 0.050
2 0.051
2 0.049
1 0.048
1 0.049
2 0.049
2 0.049
1 0.049
1 0.049
0 0.049
0 0.016
1 0.048
1 0.049
2 0.128
2 0.047
3 0.046
3 0.049
4 0.047
4 0.047
5 0.045
5 0.049
8 0.051
8 0.049
7 0.046
7 0.046
6 0.045
6 0.049
5 0.052
5 0.047
4 0.053
4 0.053
3 0.052
3 0.050
4 0.050
4 0.050
5 0.050
5 0.045
4 0.047
4 0.053
5 0.058
5 0.046
6 0.055
6 0.051
7 0.052
7 0.055
8 0.048
8 0.052
7 0.050
7 0.053
6 0.054
6 0.054
5 0.053
5 0.054
4 0.053
4 0.054
3 0.052
3 0.052
4 0.054
4 0.053
3 0.053
3 0.053
2 0.051
2 0.052
3 0.051
3 0.054
4 0.053
4 0.054
5 0.046
5 0.045
6 0.049
6 0.045
7 0.045
7 0.043
5 0.040
5 0.043
4 0.040
4 0.041
3 0.042
3 0.056
1 0.048
1 0.045
2 0.048
2 0.049
3 0.046
3 0.044
2 0.046
2 0.048
4 0.044
4 0.044
5 0.048
5 0.045
6 0.045
6 0.046
5 0.045
5 0.044
4 0.045
4 0.051
3 0.048
3 0.049
2 0.047
2 0.048
1 0.046
1 0.049
2 0.050
2 0.049
3 0.050
3 0.050
2 0.049
2 0.049
1 0.046
1 0.046
0 0.016
0 0.048
1 0.048
1 0.047
2 0.049
2 0.048
3 0.047
3 0.047
4 0.048
4 0.048
8 0.049
8 0.050
7 0.050
7 0.045
6 0.046
6 0.048
5 0.047
5 0.049
4 0.050
4 0.050
3 0.051
3 0.052
4 0.052
4 0.052
5 0.052
5 0.053
4 0.053
4 0.050
5 0.057
5 0.053
6 0.054
6 0.054
7 0.052
7 0.054
8 0.052
8 0.048
7 0.052
7 0.054
6 0.054
6 0.054
5 0.054
5 0.052
4 0.053
4 0.055
3 0.053
3 0.054
4 0.051
4 0.609
3 0.053
3 0.053
2 0.053
2 0.053
3 0.054
3 0.052
4 0.048
4 0.053
5 0.045
5 0.046
6 0.050
6 0.050
7 0.048
7 0.047
5 0.042
5 0.042
4 0.042
4 0.041
3 0.044
3 0.048
1 0.050
1 0.049
2 0.050
2 0.050
3 0.047
3 0.051
2 0.049
2 0.048
4 0.051
4 0.051
5 0.051
5 0.052
6 0.058
6 0.049
5 0.049
5 0.048
4 0.051
4 0.051
3 0.050
3 0.050
2 0.050
2 0.048
1 0.049
1 0.049
2 0.050
2 0.049
3 0.049
3 0.046
2 0.048
2 0.049
1 0.050
1 0.047
0 0.047
0 0.017
1 0.048
1 0.049
2 0.049
2 0.050
3 0.047
3 0.048
4 0.048
4 0.049
7 0.053
7 0.048
6 0.064
6 0.055
5 0.051
5 0.058
4 0.053
4 0.056
3 0.053
3 0.054
4 0.053
4 0.054
5 0.054
5 0.049
6 0.063
6 0.056
5 0.056
5 0.050
4 0.054
4 0.056
5 0.054
5 0.056
6 0.053
6 0.052
7 0.053
7 0.057
6 0.050
6 0.058
5 0.056
5 0.054
4 0.059
4 0.055
3 0.052
3 0.052
4 0.053
4 0.056
5 0.059
5 0.054
4 0.053
4 0.051
3 0.059
3 0.054
2 0.052
2 0.053
3 0.051
3 0.051
4 0.047
4 0.053
5 0.047
5 0.051
6 0.054
6 0.043
4 0.040
4 0.046
3 0.046
3 0.045
2 0.046
2 0.052
2 0.042
2 0.048
3 0.052
3 0.045
4 0.051
4 0.051
3 0.047
3 0.049
3 0.047
3 0.060
4 0.054
4 0.064
5 0.054
5 0.052
4 0.049
4 0.048
3 0.049
3 0.050
2 0.049
2 0.049
1 0.048
1 0.047
2 0.050
2 0.050
3 0.050
3 0.046
4 0.048
4 0.047
3 0.049
3 0.049
2 0.049
2 0.046
1 0.049
1 0.049
0 0.016
0 0.043
1 0.043
1 0.050
2 0.045
2 0.048
3 0.047
3 0.048
7 0.057
7 0.048
6 0.049
6 0.055
5 0.051
5 0.046
4 0.053
4 0.050
3 0.062
3 0.054
4 0.054
4 0.074
5 0.053
5 0.052
6 0.061
6 0.051
5 0.057
5 0.051
4 0.048
4 0.051
5 0.056
5 0.053
6 0.056
6 0.052
7 0.052
7 0.059
6 0.050
6 0.051
5 0.054
5 0.054
4 0.054
4 0.053
3 0.052
3 0.053
4 0.055
4 0.054
5 0.050
5 0.055
4 0.051
4 0.054
3 0.054
3 0.064
2 0.050
2 0.051
3 0.052
3 0.046
4 0.051
4 0.048
5 0.048
5 0.051
6 0.053
6 0.059
4 0.052
4 0.049
3 0.053
3 0.048
2 0.056
2 0.056
2 0.051
2 0.054
3 0.058
3 0.047
4 0.049
4 0.049
3 0.051
3 0.059
3 0.053
3 0.052
4 0.049
4 0.050
5 0.070
5 0.050
4 0.047
4 0.048
3 0.050
3 0.050
2 0.052
2 0.050
1 0.049
1 0.049
2 0.050
2 0.048
3 0.048
3 0.050
4 0.050
4 0.050
3 0.048
3 0.046
2 0.049
2 0.049
1 0.049
1 0.049
0 0.046
0 0.016
1 0.047
1 0.048
2 0.048
2 0.048
3 0.047
3 0.047
6 0.054
6 0.049
5 0.087
5 0.050
4 0.051
4 0.051
3 0.053
3 0.050
4 0.052
4 0.052
5 0.055
5 0.052
6 0.059
6 0.052
7 0.053
7 0.054
6 0.055
6 0.054
5 0.058
5 0.055
4 0.053
4 0.052
5 0.053
5 0.053
6 0.052
6 0.051
5 0.050
5 0.048
4 0.049
4 0.050
3 0.051
3 0.052
4 0.052
4 0.050
5 0.052
5 0.051
6 0.052
6 0.053
5 0.053
5 0.053
4 0.054
4 0.052
3 0.052
3 0.051
2 0.048
2 0.055
3 0.050
3 0.052
4 0.043
4 0.050
5 0.045
5 0.048
3 0.042
3 0.041
2 0.040
2 0.046
1 0.047
1 0.048
3 0.050
3 0.047
4 0.047
4 0.047
5 0.050
5 0.044
4 0.044
4 0.045
2 0.049
2 0.047
3 0.049
3 0.048
4 0.048
4 0.050
3 0.048
3 0.050
2 0.054
2 0.053
1 0.047
1 0.050
2 0.048
2 0.052
3 0.046
3 0.050
4 0.051
4 0.050
5 0.050
5 0.050
4 0.043
4 0.049
3 0.047
3 0.049
2 0.048
2 0.049
1 0.049
1 0.047
0 0.017
0 0.049
1 0.046
1 0.046
2 0.047
2 0.043
6 0.051
6 0.049
5 0.050
5 0.051
4 0.051
4 0.051
3 0.051
3 0.052
4 0.051
4 0.051
5 0.051
5 0.054
6 0.052
6 0.051
7 0.053
7 0.059
6 0.054
6 0.053
5 0.054
5 0.053
4 0.052
4 0.052
5 0.054
5 0.054
6 0.052
6 0.052
5 0.052
5 0.050
4 0.053
4 0.053
3 0.053
3 0.052
4 0.053
4 0.054
5 0.053
5 0.053
6 0.053
6 1.148
5 0.053
5 0.053
4 0.050
4 0.053
3 0.054
3 0.051
2 0.051
2 0.050
3 0.050
3 0.048
4 0.053
4 0.047
5 0.050
5 0.046
3 0.047
3 0.045
2 0.043
2 0.041
1 0.047
1 0.049
3 0.046
3 0.049
4 0.050
4 0.050
5 0.051
5 0.051
4 0.051
4 0.050
2 0.049
2 0.048
3 0.052
3 0.049
4 0.057
4 0.050
3 0.053
3 0.052
2 0.054
2 0.052
1 0.050
1 0.050
2 0.051
2 0.052
3 0.048
3 0.050
4 0.051
4 0.051
5 0.051
5 0.051
4 0.051
4 0.050
3 0.050
3 0.049
2 0.048
2 0.049
1 0.049
1 0.049
0 0.049
0 0.016
1 0.047
1 0.046
2 0.048
2 0.048
5 0.050
5 0.046
4 0.052
4 0.051
3 0.051
3 0.051
4 0.053
4 0.053
5 0.053
5 0.055
6 0.054
6 0.053
7 0.053
7 0.056
8 0.058
8 0.056
7 0.054
7 0.060
6 0.059
6 0.058
5 0.056
5 0.057
4 0.053
4 0.053
5 0.053
5 0.052
4 0.052
4 0.054
3 0.053
3 0.052
4 0.056
4 0.055
5 0.053
5 0.053
6 0.059
6 0.055
7 0.054
7 0.056
6 0.057
6 0.055
5 0.054
5 0.054
4 0.053
4 0.055
3 0.053
3 0.053
2 0.052
2 0.052
3 0.051
3 0.052
4 0.053
4 0.054
2 0.048
2 0.048
1 0.048
1 0.048
2 0.050
2 0.049
4 0.049
4 0.051
5 0.050
5 0.052
6 0.053
6 0.057
5 0.054
5 0.052
3 0.054
3 0.054
2 0.049
2 0.048
3 0.050
3 0.049
2 0.049
2 0.049
1 0.048
1 0.048
2 0.055
2 0.054
3 0.052
3 0.052
4 0.052
4 0.051
5 0.051
5 0.052
6 0.051
6 0.050
5 0.049
5 0.049
4 0.050
4 0.048
3 0.050
3 0.049
2 0.049
2 0.049
1 0.049
1 0.049
0 0.016
0 0.046
1 0.047
1 0.048
5 0.049
5 0.049
4 0.050
4 0.051
3 0.052
3 0.050
4 0.050
4 0.053
5 0.054
5 0.057
6 0.053
6 0.053
7 0.052
7 0.053
8 0.055
8 0.051
7 0.054
7 0.056
6 0.056
6 0.055
5 0.056
5 0.057
4 0.052
4 0.053
5 0.051
5 0.052
4 0.052
4 0.051
3 0.050
3 0.050
4 0.056
4 0.057
5 0.053
5 0.054
6 0.053
6 0.055
7 0.053
7 0.053
6 0.054
6 0.056
5 0.054
5 0.052
4 0.054
4 0.051
3 0.054
3 0.053
2 0.051
2 0.053
3 0.050
3 0.052
4 0.050
4 0.052
2 0.048
2 0.048
1 0.047
1 0.048
2 0.049
2 0.049
4 0.049
4 0.049
5 0.049
5 0.050
6 0.052
6 0.053
5 0.052
5 0.052
3 0.053
3 0.814
2 0.049
2 0.048
3 0.059
3 0.048
2 0.047
2 0.050
1 0.048
1 0.047
2 0.054
2 0.056
3 0.053
3 0.051
4 0.051
4 0.051
5 0.052
5 0.052
6 0.052
6 0.052
5 0.049
5 0.048
4 0.048
4 0.048
3 0.048
3 0.048
2 0.049
2 0.049
1 0.049
1 0.048
0 0.046
0 0.016
1 0.046
1 0.045
4 0.045
4 0.048
3 0.050
3 0.049
4 0.049
4 0.050
5 0.050
5 0.056
6 0.050
6 0.051
7 0.051
7 0.050
8 0.053
8 0.048
9 0.054
9 0.053
8 0.050
8 0.052
7 0.055
7 0.058
6 0.054
6 0.051
5 0.050
5 0.045
4 0.051
4 0.050
3 0.049
3 0.046
4 0.046
4 0.046
5 0.053
5 0.054
6 0.052
6 0.049
7 0.048
7 0.047
8 0.052
8 0.052
7 0.052
7 0.049
6 0.051
6 0.050
5 0.050
5 0.052
4 0.050
4 0.052
3 0.048
3 0.045
2 0.047
2 0.050
3 0.046
3 0.050
1 0.045
1 0.042
2 0.043
2 0.045
3 0.045
3 0.048
5 0.048
5 0.049
6 0.049
6 0.046
7 0.049
7 0.049
6 0.049
6 0.049
4 0.051
4 0.050
3 0.046
3 0.047
2 0.045
2 0.046
1 0.045
1 0.046
2 0.046
2 0.043
3 0.047
3 0.050
4 0.055
4 0.043
5 0.044
5 0.046
6 0.048
6 0.064
7 0.043
7 0.044
6 0.048
6 0.065
5 0.045
5 0.048
4 0.048
4 0.042
3 0.047
3 0.043
2 0.046
2 0.044
1 0.045
1 0.043
0 0.016
0 0.044
4 0.046
4 0.049
3 0.084
3 0.049
4 0.049
4 0.047
5 0.051
5 0.051
6 0.050
6 0.051
7 0.052
7 0.051
8 0.053
8 0.053
9 0.053
9 0.053
8 0.053
8 0.053
7 0.054
7 0.053
6 0.054
6 0.066
5 0.051
5 0.050
4 0.049
4 0.049
3 0.050
3 0.051
4 0.054
4 0.051
5 0.054
5 0.055
6 0.056
6 0.056
7 0.052
7 0.052
8 0.052
8 0.054
7 0.051
7 0.053
6 0.052
6 0.053
5 0.052
5 0.053
4 0.052
4 0.053
3 0.051
3 0.049
2 0.050
2 0.051
3 0.050
3 0.049
1 0.046
1 0.046
2 0.046
2 0.047
3 0.049
3 0.049
5 0.049
5 0.050
6 0.049
6 0.049
7 0.050
7 0.050
6 0.050
6 0.050
4 0.051
4 0.051
3 0.048
3 0.048
2 0.047
2 0.047
1 0.046
1 0.046
2 0.046
2 0.046
3 0.051
3 0.051
4 0.048
4 0.048
5 0.049
5 0.049
6 0.049
6 0.049
7 0.050
7 0.049
6 0.048
6 0.048
5 0.049
5 0.046
4 0.048
4 0.047
3 0.047
3 0.048
2 0.048
2 0.048
1 0.046
1 0.045
0 0.044
0 0.016
